{"/home/travis/build/npmtest/node-npmtest-algoliasearch/test.js":{"path":"/home/travis/build/npmtest/node-npmtest-algoliasearch/test.js","s":{"1":2,"2":2,"3":2,"4":2,"5":2,"6":2,"7":2,"8":1,"9":2,"10":2,"11":1,"12":1,"13":1,"14":1,"15":2,"16":2,"17":2,"18":2,"19":1,"20":1,"21":2,"22":2,"23":2,"24":1,"25":1,"26":1,"27":1,"28":1,"29":1,"30":1,"31":1,"32":1,"33":1,"34":1,"35":1,"36":1,"37":2,"38":2,"39":1,"40":2,"41":2,"42":1,"43":2,"44":2,"45":1,"46":2,"47":2,"48":1,"49":1,"50":1,"51":1,"52":1},"b":{"1":[2,1,1,1],"2":[1,1,1,1],"3":[1,1],"4":[1,1],"5":[1,1],"6":[1,1],"7":[1,1],"8":[1,1],"9":[1,1,1],"10":[1,1],"11":[1,1],"12":[1,1],"13":[1,1],"14":[1,1],"15":[1,1],"16":[1,1]},"f":{"1":2,"2":2,"3":2,"4":2,"5":2,"6":1,"7":1,"8":2,"9":2,"10":2,"11":2,"12":1},"fnMap":{"1":{"name":"(anonymous_1)","line":12,"loc":{"start":{"line":12,"column":1},"end":{"line":12,"column":13}}},"2":{"name":"(anonymous_2)","line":19,"loc":{"start":{"line":19,"column":5},"end":{"line":19,"column":17}}},"3":{"name":"(anonymous_3)","line":23,"loc":{"start":{"line":23,"column":24},"end":{"line":23,"column":36}}},"4":{"name":"(anonymous_4)","line":61,"loc":{"start":{"line":61,"column":5},"end":{"line":61,"column":17}}},"5":{"name":"(anonymous_5)","line":82,"loc":{"start":{"line":82,"column":5},"end":{"line":82,"column":17}}},"6":{"name":"(anonymous_6)","line":102,"loc":{"start":{"line":102,"column":83},"end":{"line":105,"column":10}},"skip":true},"7":{"name":"(anonymous_7)","line":113,"loc":{"start":{"line":113,"column":77},"end":{"line":116,"column":10}},"skip":true},"8":{"name":"(anonymous_8)","line":129,"loc":{"start":{"line":129,"column":12},"end":{"line":129,"column":40}},"skip":true},"9":{"name":"(anonymous_9)","line":137,"loc":{"start":{"line":137,"column":77},"end":{"line":140,"column":10}},"skip":true},"10":{"name":"(anonymous_10)","line":148,"loc":{"start":{"line":148,"column":83},"end":{"line":151,"column":10}},"skip":true},"11":{"name":"(anonymous_11)","line":159,"loc":{"start":{"line":159,"column":79},"end":{"line":162,"column":10}},"skip":true},"12":{"name":"(anonymous_12)","line":170,"loc":{"start":{"line":170,"column":75},"end":{"line":173,"column":10}},"skip":true}},"statementMap":{"1":{"start":{"line":12,"column":0},"end":{"line":185,"column":5}},"2":{"start":{"line":14,"column":4},"end":{"line":14,"column":14}},"3":{"start":{"line":19,"column":4},"end":{"line":56,"column":9}},"4":{"start":{"line":21,"column":8},"end":{"line":21,"column":19}},"5":{"start":{"line":23,"column":8},"end":{"line":35,"column":13}},"6":{"start":{"line":24,"column":12},"end":{"line":34,"column":13}},"7":{"start":{"line":25,"column":16},"end":{"line":28,"column":30}},"8":{"start":{"line":30,"column":16},"end":{"line":33,"column":27}},"9":{"start":{"line":37,"column":8},"end":{"line":39,"column":21}},"10":{"start":{"line":40,"column":8},"end":{"line":53,"column":9}},"11":{"start":{"line":43,"column":12},"end":{"line":46,"column":14}},"12":{"start":{"line":47,"column":12},"end":{"line":47,"column":18}},"13":{"start":{"line":50,"column":12},"end":{"line":51,"column":46}},"14":{"start":{"line":52,"column":12},"end":{"line":52,"column":18}},"15":{"start":{"line":55,"column":8},"end":{"line":55,"column":35}},"16":{"start":{"line":61,"column":4},"end":{"line":63,"column":9}},"17":{"start":{"line":62,"column":8},"end":{"line":62,"column":15}},"18":{"start":{"line":64,"column":4},"end":{"line":77,"column":5}},"19":{"start":{"line":70,"column":8},"end":{"line":70,"column":14}},"20":{"start":{"line":76,"column":8},"end":{"line":76,"column":14}},"21":{"start":{"line":82,"column":4},"end":{"line":84,"column":9}},"22":{"start":{"line":83,"column":8},"end":{"line":83,"column":15}},"23":{"start":{"line":85,"column":4},"end":{"line":184,"column":5}},"24":{"start":{"line":92,"column":8},"end":{"line":94,"column":63}},"25":{"start":{"line":95,"column":8},"end":{"line":95,"column":14}},"26":{"start":{"line":102,"column":8},"end":{"line":111,"column":10},"skip":true},"27":{"start":{"line":109,"column":12},"end":{"line":109,"column":55},"skip":true},"28":{"start":{"line":110,"column":12},"end":{"line":110,"column":48},"skip":true},"29":{"start":{"line":113,"column":8},"end":{"line":126,"column":10},"skip":true},"30":{"start":{"line":120,"column":12},"end":{"line":120,"column":76},"skip":true},"31":{"start":{"line":121,"column":12},"end":{"line":121,"column":73},"skip":true},"32":{"start":{"line":122,"column":12},"end":{"line":122,"column":74},"skip":true},"33":{"start":{"line":123,"column":12},"end":{"line":123,"column":79},"skip":true},"34":{"start":{"line":124,"column":12},"end":{"line":124,"column":25},"skip":true},"35":{"start":{"line":125,"column":12},"end":{"line":125,"column":45},"skip":true},"36":{"start":{"line":128,"column":8},"end":{"line":135,"column":14},"skip":true},"37":{"start":{"line":133,"column":16},"end":{"line":133,"column":29},"skip":true},"38":{"start":{"line":134,"column":16},"end":{"line":134,"column":55},"skip":true},"39":{"start":{"line":137,"column":8},"end":{"line":146,"column":10},"skip":true},"40":{"start":{"line":144,"column":12},"end":{"line":144,"column":25},"skip":true},"41":{"start":{"line":145,"column":12},"end":{"line":145,"column":45},"skip":true},"42":{"start":{"line":148,"column":8},"end":{"line":157,"column":10},"skip":true},"43":{"start":{"line":155,"column":12},"end":{"line":155,"column":25},"skip":true},"44":{"start":{"line":156,"column":12},"end":{"line":156,"column":48},"skip":true},"45":{"start":{"line":159,"column":8},"end":{"line":168,"column":10},"skip":true},"46":{"start":{"line":166,"column":12},"end":{"line":166,"column":25},"skip":true},"47":{"start":{"line":167,"column":12},"end":{"line":167,"column":46},"skip":true},"48":{"start":{"line":170,"column":8},"end":{"line":179,"column":10},"skip":true},"49":{"start":{"line":177,"column":12},"end":{"line":177,"column":94},"skip":true},"50":{"start":{"line":178,"column":12},"end":{"line":178,"column":48},"skip":true},"51":{"start":{"line":182,"column":8},"end":{"line":182,"column":35},"skip":true},"52":{"start":{"line":183,"column":8},"end":{"line":183,"column":14},"skip":true}},"branchMap":{"1":{"line":25,"type":"binary-expr","locations":[{"start":{"line":25,"column":23},"end":{"line":25,"column":62}},{"start":{"line":26,"column":20},"end":{"line":26,"column":70}},{"start":{"line":27,"column":20},"end":{"line":27,"column":71}},{"start":{"line":28,"column":20},"end":{"line":28,"column":29}}]},"2":{"line":30,"type":"binary-expr","locations":[{"start":{"line":30,"column":23},"end":{"line":30,"column":37}},{"start":{"line":31,"column":20},"end":{"line":31,"column":61}},{"start":{"line":32,"column":20},"end":{"line":32,"column":70}},{"start":{"line":33,"column":20},"end":{"line":33,"column":26}}]},"3":{"line":37,"type":"cond-expr","locations":[{"start":{"line":38,"column":14},"end":{"line":38,"column":20}},{"start":{"line":39,"column":14},"end":{"line":39,"column":20}}]},"4":{"line":40,"type":"switch","locations":[{"start":{"line":42,"column":8},"end":{"line":47,"column":18}},{"start":{"line":49,"column":8},"end":{"line":52,"column":18}}]},"5":{"line":44,"type":"binary-expr","locations":[{"start":{"line":44,"column":16},"end":{"line":44,"column":44}},{"start":{"line":44,"column":48},"end":{"line":44,"column":66}}]},"6":{"line":50,"type":"binary-expr","locations":[{"start":{"line":50,"column":21},"end":{"line":50,"column":49}},{"start":{"line":50,"column":53},"end":{"line":50,"column":72}}]},"7":{"line":64,"type":"switch","locations":[{"start":{"line":69,"column":4},"end":{"line":70,"column":14}},{"start":{"line":75,"column":4},"end":{"line":76,"column":14}}]},"8":{"line":85,"type":"switch","locations":[{"start":{"line":90,"column":4},"end":{"line":95,"column":14}},{"start":{"line":101,"column":4},"end":{"line":183,"column":14},"skip":true}]},"9":{"line":92,"type":"binary-expr","locations":[{"start":{"line":92,"column":18},"end":{"line":92,"column":32}},{"start":{"line":93,"column":12},"end":{"line":93,"column":53}},{"start":{"line":94,"column":12},"end":{"line":94,"column":61}}]},"10":{"line":102,"type":"binary-expr","locations":[{"start":{"line":102,"column":45},"end":{"line":102,"column":79},"skip":true},{"start":{"line":102,"column":83},"end":{"line":111,"column":9},"skip":true}]},"11":{"line":113,"type":"binary-expr","locations":[{"start":{"line":113,"column":42},"end":{"line":113,"column":73},"skip":true},{"start":{"line":113,"column":77},"end":{"line":126,"column":9},"skip":true}]},"12":{"line":128,"type":"binary-expr","locations":[{"start":{"line":128,"column":48},"end":{"line":128,"column":85},"skip":true},{"start":{"line":129,"column":12},"end":{"line":135,"column":13},"skip":true}]},"13":{"line":137,"type":"binary-expr","locations":[{"start":{"line":137,"column":42},"end":{"line":137,"column":73},"skip":true},{"start":{"line":137,"column":77},"end":{"line":146,"column":9},"skip":true}]},"14":{"line":148,"type":"binary-expr","locations":[{"start":{"line":148,"column":45},"end":{"line":148,"column":79},"skip":true},{"start":{"line":148,"column":83},"end":{"line":157,"column":9},"skip":true}]},"15":{"line":159,"type":"binary-expr","locations":[{"start":{"line":159,"column":43},"end":{"line":159,"column":75},"skip":true},{"start":{"line":159,"column":79},"end":{"line":168,"column":9},"skip":true}]},"16":{"line":170,"type":"binary-expr","locations":[{"start":{"line":170,"column":41},"end":{"line":170,"column":71},"skip":true},{"start":{"line":170,"column":75},"end":{"line":179,"column":9},"skip":true}]}},"code":["/* istanbul instrument in package npmtest_algoliasearch */","/*jslint","    bitwise: true,","    browser: true,","    maxerr: 8,","    maxlen: 96,","    node: true,","    nomen: true,","    regexp: true,","    stupid: true","*/","(function () {","    'use strict';","    var local;","","","","    // run shared js-env code - pre-init","    (function () {","        // init local","        local = {};","        // init modeJs","        local.modeJs = (function () {","            try {","                return typeof navigator.userAgent === 'string' &&","                    typeof document.querySelector('body') === 'object' &&","                    typeof XMLHttpRequest.prototype.open === 'function' &&","                    'browser';","            } catch (errorCaughtBrowser) {","                return module.exports &&","                    typeof process.versions.node === 'string' &&","                    typeof require('http').createServer === 'function' &&","                    'node';","            }","        }());","        // init global","        local.global = local.modeJs === 'browser'","            ? window","            : global;","        switch (local.modeJs) {","        // re-init local from window.local","        case 'browser':","            local = local.global.utility2.objectSetDefault(","                local.global.utility2_rollup || local.global.local,","                local.global.utility2","            );","            break;","        // re-init local from example.js","        case 'node':","            local = (local.global.utility2_rollup || require('utility2'))","                .requireExampleJsFromReadme();","            break;","        }","        // export local","        local.global.local = local;","    }());","","","","    // run shared js-env code - function","    (function () {","        return;","    }());","    switch (local.modeJs) {","","","","    // run browser js-env code - function","    case 'browser':","        break;","","","","    // run node js-env code - function","    case 'node':","        break;","    }","","","","    // run shared js-env code - post-init","    (function () {","        return;","    }());","    switch (local.modeJs) {","","","","    // run browser js-env code - post-init","    case 'browser':","        // run tests","        local.nop(local.modeTest &&","            document.querySelector('#testRunButton1') &&","            document.querySelector('#testRunButton1').click());","        break;","","","","    // run node js-env code - post-init","    /* istanbul ignore next */","    case 'node':","        local.testCase_buildApidoc_default = local.testCase_buildApidoc_default || function (","            options,","            onError","        ) {","        /*","         * this function will test buildApidoc's default handling-behavior-behavior","         */","            options = { modulePathList: module.paths };","            local.buildApidoc(options, onError);","        };","","        local.testCase_buildApp_default = local.testCase_buildApp_default || function (","            options,","            onError","        ) {","        /*","         * this function will test buildApp's default handling-behavior-behavior","         */","            local.testCase_buildReadme_default(options, local.onErrorThrow);","            local.testCase_buildLib_default(options, local.onErrorThrow);","            local.testCase_buildTest_default(options, local.onErrorThrow);","            local.testCase_buildCustomOrg_default(options, local.onErrorThrow);","            options = [];","            local.buildApp(options, onError);","        };","","        local.testCase_buildCustomOrg_default = local.testCase_buildCustomOrg_default ||","            function (options, onError) {","            /*","             * this function will test buildCustomOrg's default handling-behavior","             */","                options = {};","                local.buildCustomOrg(options, onError);","            };","","        local.testCase_buildLib_default = local.testCase_buildLib_default || function (","            options,","            onError","        ) {","        /*","         * this function will test buildLib's default handling-behavior","         */","            options = {};","            local.buildLib(options, onError);","        };","","        local.testCase_buildReadme_default = local.testCase_buildReadme_default || function (","            options,","            onError","        ) {","        /*","         * this function will test buildReadme's default handling-behavior-behavior","         */","            options = {};","            local.buildReadme(options, onError);","        };","","        local.testCase_buildTest_default = local.testCase_buildTest_default || function (","            options,","            onError","        ) {","        /*","         * this function will test buildTest's default handling-behavior","         */","            options = {};","            local.buildTest(options, onError);","        };","","        local.testCase_webpage_default = local.testCase_webpage_default || function (","            options,","            onError","        ) {","        /*","         * this function will test webpage's default handling-behavior","         */","            options = { modeCoverageMerge: true, url: local.serverLocalHost + '?modeTest=1' };","            local.browserTest(options, onError);","        };","","        // run test-server","        local.testRunServer(local);","        break;","    }","}());",""],"l":{"12":2,"14":2,"19":2,"21":2,"23":2,"24":2,"25":2,"30":1,"37":2,"40":2,"43":1,"47":1,"50":1,"52":1,"55":2,"61":2,"62":2,"64":2,"70":1,"76":1,"82":2,"83":2,"85":2,"92":1,"95":1,"102":1,"109":1,"110":1,"113":1,"120":1,"121":1,"122":1,"123":1,"124":1,"125":1,"128":1,"133":2,"134":2,"137":1,"144":2,"145":2,"148":1,"155":2,"156":2,"159":1,"166":2,"167":2,"170":1,"177":1,"178":1,"182":1,"183":1}},"/home/travis/build/npmtest/node-npmtest-algoliasearch/lib.npmtest_algoliasearch.js":{"path":"/home/travis/build/npmtest/node-npmtest-algoliasearch/lib.npmtest_algoliasearch.js","s":{"1":2,"2":2,"3":2,"4":2,"5":2,"6":2,"7":2,"8":1,"9":2,"10":2,"11":2,"12":2,"13":1,"14":1,"15":1,"16":1},"b":{"1":[2,1,1,1],"2":[1,1,1,1],"3":[1,1],"4":[2,2],"5":[1,1]},"f":{"1":2,"2":2,"3":2},"fnMap":{"1":{"name":"(anonymous_1)","line":12,"loc":{"start":{"line":12,"column":1},"end":{"line":12,"column":13}}},"2":{"name":"(anonymous_2)","line":19,"loc":{"start":{"line":19,"column":5},"end":{"line":19,"column":17}}},"3":{"name":"(anonymous_3)","line":23,"loc":{"start":{"line":23,"column":24},"end":{"line":23,"column":36}}}},"statementMap":{"1":{"start":{"line":12,"column":0},"end":{"line":53,"column":5}},"2":{"start":{"line":14,"column":4},"end":{"line":14,"column":14}},"3":{"start":{"line":19,"column":4},"end":{"line":52,"column":9}},"4":{"start":{"line":21,"column":8},"end":{"line":21,"column":19}},"5":{"start":{"line":23,"column":8},"end":{"line":35,"column":13}},"6":{"start":{"line":24,"column":12},"end":{"line":34,"column":13}},"7":{"start":{"line":25,"column":16},"end":{"line":28,"column":30}},"8":{"start":{"line":30,"column":16},"end":{"line":33,"column":27}},"9":{"start":{"line":37,"column":8},"end":{"line":39,"column":21}},"10":{"start":{"line":41,"column":8},"end":{"line":41,"column":54}},"11":{"start":{"line":43,"column":8},"end":{"line":43,"column":58}},"12":{"start":{"line":45,"column":8},"end":{"line":51,"column":9}},"13":{"start":{"line":46,"column":12},"end":{"line":46,"column":64}},"14":{"start":{"line":48,"column":12},"end":{"line":48,"column":35}},"15":{"start":{"line":49,"column":12},"end":{"line":49,"column":49}},"16":{"start":{"line":50,"column":12},"end":{"line":50,"column":43}}},"branchMap":{"1":{"line":25,"type":"binary-expr","locations":[{"start":{"line":25,"column":23},"end":{"line":25,"column":62}},{"start":{"line":26,"column":20},"end":{"line":26,"column":70}},{"start":{"line":27,"column":20},"end":{"line":27,"column":71}},{"start":{"line":28,"column":20},"end":{"line":28,"column":29}}]},"2":{"line":30,"type":"binary-expr","locations":[{"start":{"line":30,"column":23},"end":{"line":30,"column":37}},{"start":{"line":31,"column":20},"end":{"line":31,"column":61}},{"start":{"line":32,"column":20},"end":{"line":32,"column":70}},{"start":{"line":33,"column":20},"end":{"line":33,"column":26}}]},"3":{"line":37,"type":"cond-expr","locations":[{"start":{"line":38,"column":14},"end":{"line":38,"column":20}},{"start":{"line":39,"column":14},"end":{"line":39,"column":20}}]},"4":{"line":41,"type":"binary-expr","locations":[{"start":{"line":41,"column":16},"end":{"line":41,"column":44}},{"start":{"line":41,"column":48},"end":{"line":41,"column":53}}]},"5":{"line":45,"type":"if","locations":[{"start":{"line":45,"column":8},"end":{"line":45,"column":8}},{"start":{"line":45,"column":8},"end":{"line":45,"column":8}}]}},"code":["/* istanbul instrument in package npmtest_algoliasearch */","/*jslint","    bitwise: true,","    browser: true,","    maxerr: 8,","    maxlen: 96,","    node: true,","    nomen: true,","    regexp: true,","    stupid: true","*/","(function () {","    'use strict';","    var local;","","","","    // run shared js-env code - pre-init","    (function () {","        // init local","        local = {};","        // init modeJs","        local.modeJs = (function () {","            try {","                return typeof navigator.userAgent === 'string' &&","                    typeof document.querySelector('body') === 'object' &&","                    typeof XMLHttpRequest.prototype.open === 'function' &&","                    'browser';","            } catch (errorCaughtBrowser) {","                return module.exports &&","                    typeof process.versions.node === 'string' &&","                    typeof require('http').createServer === 'function' &&","                    'node';","            }","        }());","        // init global","        local.global = local.modeJs === 'browser'","            ? window","            : global;","        // init utility2_rollup","        local = local.global.utility2_rollup || local;","        // init lib","        local.local = local.npmtest_algoliasearch = local;","        // init exports","        if (local.modeJs === 'browser') {","            local.global.utility2_npmtest_algoliasearch = local;","        } else {","            module.exports = local;","            module.exports.__dirname = __dirname;","            module.exports.module = module;","        }","    }());","}());",""],"l":{"12":2,"14":2,"19":2,"21":2,"23":2,"24":2,"25":2,"30":1,"37":2,"41":2,"43":2,"45":2,"46":1,"48":1,"49":1,"50":1}},"/home/travis/build/npmtest/node-npmtest-algoliasearch/example.js":{"path":"/home/travis/build/npmtest/node-npmtest-algoliasearch/example.js","s":{"1":2,"2":2,"3":2,"4":2,"5":2,"6":2,"7":2,"8":1,"9":2,"10":2,"11":2,"12":2,"13":1,"14":2,"15":2,"16":2,"17":2,"18":2,"19":0,"20":2,"21":1,"22":1,"23":1,"24":1,"25":1,"26":0,"27":0,"28":1,"29":1,"30":2,"31":0,"32":0,"33":0,"34":1,"35":2,"36":2,"37":2,"38":2,"39":2,"40":2,"41":0,"42":2,"43":2,"44":2,"45":1,"46":3,"47":1,"48":1,"49":1,"50":1,"51":1,"52":1,"53":1,"54":1,"55":1,"56":1,"57":0,"58":1,"59":6,"60":6,"61":1,"62":2,"63":0,"64":2,"65":1,"66":1,"67":0,"68":0,"69":0,"70":0,"71":0,"72":0,"73":0,"74":0,"75":0,"76":0,"77":0,"78":0,"79":0,"80":0,"81":0,"82":0,"83":0},"b":{"1":[2,1,1,1],"2":[1,1,1,1],"3":[1,1],"4":[2,2],"5":[1,1],"6":[1,1],"7":[2,0],"8":[2,1,1,1,1,1],"9":[0,2,0],"10":[1,1],"11":[2,1,1],"12":[1,0],"13":[0,2],"14":[2,0,0,0,0,0,0],"15":[0,2],"16":[2,0],"17":[1,1],"18":[0,1],"19":[1,2,0,2],"20":[1,0],"21":[1,1],"22":[0,0],"23":[0,0],"24":[0,0],"25":[0,0],"26":[0,0],"27":[0,0],"28":[0,0]},"f":{"1":2,"2":2,"3":2,"4":2,"5":2,"6":2,"7":2,"8":2,"9":3,"10":1,"11":6,"12":0},"fnMap":{"1":{"name":"(anonymous_1)","line":26,"loc":{"start":{"line":26,"column":1},"end":{"line":26,"column":13}}},"2":{"name":"(anonymous_2)","line":33,"loc":{"start":{"line":33,"column":5},"end":{"line":33,"column":17}}},"3":{"name":"(anonymous_3)","line":37,"loc":{"start":{"line":37,"column":24},"end":{"line":37,"column":36}}},"4":{"name":"(anonymous_4)","line":69,"loc":{"start":{"line":69,"column":31},"end":{"line":69,"column":48}},"skip":true},"5":{"name":"(anonymous_5)","line":78,"loc":{"start":{"line":78,"column":26},"end":{"line":78,"column":45}},"skip":true},"6":{"name":"(anonymous_6)","line":123,"loc":{"start":{"line":123,"column":33},"end":{"line":123,"column":48}},"skip":true},"7":{"name":"(anonymous_7)","line":125,"loc":{"start":{"line":125,"column":27},"end":{"line":125,"column":39}},"skip":true},"8":{"name":"(anonymous_8)","line":133,"loc":{"start":{"line":133,"column":59},"end":{"line":133,"column":74}},"skip":true},"9":{"name":"(anonymous_9)","line":143,"loc":{"start":{"line":143,"column":45},"end":{"line":143,"column":62}},"skip":true},"10":{"name":"(anonymous_10)","line":144,"loc":{"start":{"line":144,"column":73},"end":{"line":144,"column":92}},"skip":true},"11":{"name":"(anonymous_11)","line":272,"loc":{"start":{"line":272,"column":51},"end":{"line":272,"column":77}},"skip":true},"12":{"name":"(anonymous_12)","line":314,"loc":{"start":{"line":314,"column":32},"end":{"line":314,"column":61}},"skip":true}},"statementMap":{"1":{"start":{"line":26,"column":0},"end":{"line":325,"column":5}},"2":{"start":{"line":28,"column":4},"end":{"line":28,"column":14}},"3":{"start":{"line":33,"column":4},"end":{"line":60,"column":9}},"4":{"start":{"line":35,"column":8},"end":{"line":35,"column":19}},"5":{"start":{"line":37,"column":8},"end":{"line":49,"column":13}},"6":{"start":{"line":38,"column":12},"end":{"line":48,"column":13}},"7":{"start":{"line":39,"column":16},"end":{"line":42,"column":30}},"8":{"start":{"line":44,"column":16},"end":{"line":47,"column":27}},"9":{"start":{"line":51,"column":8},"end":{"line":53,"column":21}},"10":{"start":{"line":55,"column":8},"end":{"line":57,"column":45}},"11":{"start":{"line":59,"column":8},"end":{"line":59,"column":35}},"12":{"start":{"line":61,"column":4},"end":{"line":324,"column":5}},"13":{"start":{"line":69,"column":8},"end":{"line":121,"column":10},"skip":true},"14":{"start":{"line":70,"column":12},"end":{"line":88,"column":13},"skip":true},"15":{"start":{"line":76,"column":16},"end":{"line":87,"column":19},"skip":true},"16":{"start":{"line":79,"column":20},"end":{"line":86,"column":21},"skip":true},"17":{"start":{"line":82,"column":24},"end":{"line":82,"column":43},"skip":true},"18":{"start":{"line":83,"column":24},"end":{"line":83,"column":30},"skip":true},"19":{"start":{"line":85,"column":24},"end":{"line":85,"column":49},"skip":true},"20":{"start":{"line":89,"column":12},"end":{"line":107,"column":13},"skip":true},"21":{"start":{"line":92,"column":16},"end":{"line":102,"column":17},"skip":true},"22":{"start":{"line":93,"column":20},"end":{"line":93,"column":86},"skip":true},"23":{"start":{"line":94,"column":20},"end":{"line":95,"column":45},"skip":true},"24":{"start":{"line":96,"column":20},"end":{"line":96,"column":42},"skip":true},"25":{"start":{"line":97,"column":20},"end":{"line":97,"column":48},"skip":true},"26":{"start":{"line":100,"column":20},"end":{"line":100,"column":85},"skip":true},"27":{"start":{"line":101,"column":20},"end":{"line":101,"column":96},"skip":true},"28":{"start":{"line":103,"column":16},"end":{"line":103,"column":22},"skip":true},"29":{"start":{"line":106,"column":16},"end":{"line":106,"column":22},"skip":true},"30":{"start":{"line":108,"column":12},"end":{"line":120,"column":13},"skip":true},"31":{"start":{"line":114,"column":16},"end":{"line":119,"column":17},"skip":true},"32":{"start":{"line":116,"column":20},"end":{"line":116,"column":78},"skip":true},"33":{"start":{"line":118,"column":20},"end":{"line":118,"column":47},"skip":true},"34":{"start":{"line":123,"column":8},"end":{"line":141,"column":11},"skip":true},"35":{"start":{"line":124,"column":12},"end":{"line":124,"column":54},"skip":true},"36":{"start":{"line":125,"column":12},"end":{"line":140,"column":14},"skip":true},"37":{"start":{"line":126,"column":16},"end":{"line":126,"column":28},"skip":true},"38":{"start":{"line":127,"column":16},"end":{"line":127,"column":69},"skip":true},"39":{"start":{"line":128,"column":16},"end":{"line":128,"column":75},"skip":true},"40":{"start":{"line":129,"column":16},"end":{"line":131,"column":17},"skip":true},"41":{"start":{"line":130,"column":20},"end":{"line":130,"column":27},"skip":true},"42":{"start":{"line":133,"column":16},"end":{"line":137,"column":36},"skip":true},"43":{"start":{"line":134,"column":20},"end":{"line":136,"column":55},"skip":true},"44":{"start":{"line":139,"column":16},"end":{"line":139,"column":57},"skip":true},"45":{"start":{"line":143,"column":8},"end":{"line":147,"column":11},"skip":true},"46":{"start":{"line":144,"column":12},"end":{"line":146,"column":15},"skip":true},"47":{"start":{"line":145,"column":16},"end":{"line":145,"column":70},"skip":true},"48":{"start":{"line":149,"column":8},"end":{"line":149,"column":31},"skip":true},"49":{"start":{"line":150,"column":8},"end":{"line":150,"column":14},"skip":true},"50":{"start":{"line":158,"column":8},"end":{"line":158,"column":31},"skip":true},"51":{"start":{"line":160,"column":8},"end":{"line":160,"column":33},"skip":true},"52":{"start":{"line":161,"column":8},"end":{"line":161,"column":37},"skip":true},"53":{"start":{"line":162,"column":8},"end":{"line":162,"column":35},"skip":true},"54":{"start":{"line":164,"column":8},"end":{"line":164,"column":50},"skip":true},"55":{"start":{"line":166,"column":8},"end":{"line":256,"column":2},"skip":true},"56":{"start":{"line":258,"column":8},"end":{"line":286,"column":9},"skip":true},"57":{"start":{"line":259,"column":12},"end":{"line":269,"column":14},"skip":true},"58":{"start":{"line":271,"column":12},"end":{"line":285,"column":19},"skip":true},"59":{"start":{"line":274,"column":20},"end":{"line":274,"column":35},"skip":true},"60":{"start":{"line":275,"column":20},"end":{"line":284,"column":21},"skip":true},"61":{"start":{"line":277,"column":24},"end":{"line":277,"column":64},"skip":true},"62":{"start":{"line":279,"column":24},"end":{"line":279,"column":40},"skip":true},"63":{"start":{"line":281,"column":24},"end":{"line":281,"column":40},"skip":true},"64":{"start":{"line":283,"column":24},"end":{"line":283,"column":39},"skip":true},"65":{"start":{"line":288,"column":8},"end":{"line":290,"column":9},"skip":true},"66":{"start":{"line":289,"column":12},"end":{"line":289,"column":18},"skip":true},"67":{"start":{"line":291,"column":8},"end":{"line":293,"column":54},"skip":true},"68":{"start":{"line":294,"column":8},"end":{"line":301,"column":37},"skip":true},"69":{"start":{"line":302,"column":8},"end":{"line":302,"column":82},"skip":true},"70":{"start":{"line":305,"column":8},"end":{"line":307,"column":9},"skip":true},"71":{"start":{"line":306,"column":12},"end":{"line":306,"column":82},"skip":true},"72":{"start":{"line":309,"column":8},"end":{"line":311,"column":9},"skip":true},"73":{"start":{"line":310,"column":12},"end":{"line":310,"column":18},"skip":true},"74":{"start":{"line":312,"column":8},"end":{"line":312,"column":54},"skip":true},"75":{"start":{"line":313,"column":8},"end":{"line":313,"column":69},"skip":true},"76":{"start":{"line":314,"column":8},"end":{"line":322,"column":36},"skip":true},"77":{"start":{"line":315,"column":12},"end":{"line":315,"column":61},"skip":true},"78":{"start":{"line":316,"column":12},"end":{"line":319,"column":13},"skip":true},"79":{"start":{"line":317,"column":16},"end":{"line":317,"column":75},"skip":true},"80":{"start":{"line":318,"column":16},"end":{"line":318,"column":23},"skip":true},"81":{"start":{"line":320,"column":12},"end":{"line":320,"column":38},"skip":true},"82":{"start":{"line":321,"column":12},"end":{"line":321,"column":27},"skip":true},"83":{"start":{"line":323,"column":8},"end":{"line":323,"column":14},"skip":true}},"branchMap":{"1":{"line":39,"type":"binary-expr","locations":[{"start":{"line":39,"column":23},"end":{"line":39,"column":62}},{"start":{"line":40,"column":20},"end":{"line":40,"column":70}},{"start":{"line":41,"column":20},"end":{"line":41,"column":71}},{"start":{"line":42,"column":20},"end":{"line":42,"column":29}}]},"2":{"line":44,"type":"binary-expr","locations":[{"start":{"line":44,"column":23},"end":{"line":44,"column":37}},{"start":{"line":45,"column":20},"end":{"line":45,"column":61}},{"start":{"line":46,"column":20},"end":{"line":46,"column":70}},{"start":{"line":47,"column":20},"end":{"line":47,"column":26}}]},"3":{"line":51,"type":"cond-expr","locations":[{"start":{"line":52,"column":14},"end":{"line":52,"column":20}},{"start":{"line":53,"column":14},"end":{"line":53,"column":20}}]},"4":{"line":55,"type":"binary-expr","locations":[{"start":{"line":55,"column":16},"end":{"line":55,"column":44}},{"start":{"line":55,"column":49},"end":{"line":57,"column":43}}]},"5":{"line":55,"type":"cond-expr","locations":[{"start":{"line":56,"column":14},"end":{"line":56,"column":57}},{"start":{"line":57,"column":14},"end":{"line":57,"column":43}}]},"6":{"line":61,"type":"switch","locations":[{"start":{"line":68,"column":4},"end":{"line":150,"column":14},"skip":true},{"start":{"line":156,"column":4},"end":{"line":323,"column":14},"skip":true}]},"7":{"line":70,"type":"if","locations":[{"start":{"line":70,"column":12},"end":{"line":70,"column":12},"skip":true},{"start":{"line":70,"column":12},"end":{"line":70,"column":12},"skip":true}]},"8":{"line":70,"type":"binary-expr","locations":[{"start":{"line":70,"column":16},"end":{"line":70,"column":22},"skip":true},{"start":{"line":70,"column":27},"end":{"line":70,"column":32},"skip":true},{"start":{"line":71,"column":20},"end":{"line":71,"column":39},"skip":true},{"start":{"line":72,"column":20},"end":{"line":72,"column":49},"skip":true},{"start":{"line":73,"column":20},"end":{"line":73,"column":58},"skip":true},{"start":{"line":74,"column":20},"end":{"line":74,"column":69},"skip":true}]},"9":{"line":79,"type":"switch","locations":[{"start":{"line":80,"column":20},"end":{"line":80,"column":33},"skip":true},{"start":{"line":81,"column":20},"end":{"line":83,"column":30},"skip":true},{"start":{"line":84,"column":20},"end":{"line":85,"column":49},"skip":true}]},"10":{"line":89,"type":"switch","locations":[{"start":{"line":90,"column":12},"end":{"line":103,"column":22},"skip":true},{"start":{"line":105,"column":12},"end":{"line":106,"column":22},"skip":true}]},"11":{"line":89,"type":"binary-expr","locations":[{"start":{"line":89,"column":20},"end":{"line":89,"column":25},"skip":true},{"start":{"line":89,"column":29},"end":{"line":89,"column":48},"skip":true},{"start":{"line":89,"column":52},"end":{"line":89,"column":74},"skip":true}]},"12":{"line":92,"type":"if","locations":[{"start":{"line":92,"column":16},"end":{"line":92,"column":16},"skip":true},{"start":{"line":92,"column":16},"end":{"line":92,"column":16},"skip":true}]},"13":{"line":108,"type":"if","locations":[{"start":{"line":108,"column":12},"end":{"line":108,"column":12},"skip":true},{"start":{"line":108,"column":12},"end":{"line":108,"column":12},"skip":true}]},"14":{"line":108,"type":"binary-expr","locations":[{"start":{"line":108,"column":16},"end":{"line":108,"column":61},"skip":true},{"start":{"line":108,"column":66},"end":{"line":108,"column":72},"skip":true},{"start":{"line":108,"column":77},"end":{"line":108,"column":82},"skip":true},{"start":{"line":109,"column":20},"end":{"line":109,"column":39},"skip":true},{"start":{"line":110,"column":20},"end":{"line":110,"column":49},"skip":true},{"start":{"line":111,"column":20},"end":{"line":111,"column":58},"skip":true},{"start":{"line":112,"column":20},"end":{"line":112,"column":68},"skip":true}]},"15":{"line":129,"type":"if","locations":[{"start":{"line":129,"column":16},"end":{"line":129,"column":16},"skip":true},{"start":{"line":129,"column":16},"end":{"line":129,"column":16},"skip":true}]},"16":{"line":134,"type":"cond-expr","locations":[{"start":{"line":135,"column":26},"end":{"line":135,"column":29},"skip":true},{"start":{"line":136,"column":26},"end":{"line":136,"column":54},"skip":true}]},"17":{"line":164,"type":"binary-expr","locations":[{"start":{"line":164,"column":27},"end":{"line":164,"column":43},"skip":true},{"start":{"line":164,"column":47},"end":{"line":164,"column":49},"skip":true}]},"18":{"line":258,"type":"if","locations":[{"start":{"line":258,"column":8},"end":{"line":258,"column":8},"skip":true},{"start":{"line":258,"column":8},"end":{"line":258,"column":8},"skip":true}]},"19":{"line":275,"type":"switch","locations":[{"start":{"line":276,"column":20},"end":{"line":277,"column":64},"skip":true},{"start":{"line":278,"column":20},"end":{"line":279,"column":40},"skip":true},{"start":{"line":280,"column":20},"end":{"line":281,"column":40},"skip":true},{"start":{"line":282,"column":20},"end":{"line":283,"column":39},"skip":true}]},"20":{"line":288,"type":"if","locations":[{"start":{"line":288,"column":8},"end":{"line":288,"column":8},"skip":true},{"start":{"line":288,"column":8},"end":{"line":288,"column":8},"skip":true}]},"21":{"line":288,"type":"binary-expr","locations":[{"start":{"line":288,"column":12},"end":{"line":288,"column":40},"skip":true},{"start":{"line":288,"column":44},"end":{"line":288,"column":67},"skip":true}]},"22":{"line":292,"type":"binary-expr","locations":[{"start":{"line":292,"column":12},"end":{"line":292,"column":50},"skip":true},{"start":{"line":293,"column":12},"end":{"line":293,"column":53},"skip":true}]},"23":{"line":295,"type":"binary-expr","locations":[{"start":{"line":295,"column":12},"end":{"line":295,"column":71},"skip":true},{"start":{"line":296,"column":12},"end":{"line":301,"column":36},"skip":true}]},"24":{"line":302,"type":"binary-expr","locations":[{"start":{"line":302,"column":43},"end":{"line":302,"column":75},"skip":true},{"start":{"line":302,"column":79},"end":{"line":302,"column":81},"skip":true}]},"25":{"line":305,"type":"if","locations":[{"start":{"line":305,"column":8},"end":{"line":305,"column":8},"skip":true},{"start":{"line":305,"column":8},"end":{"line":305,"column":8},"skip":true}]},"26":{"line":309,"type":"if","locations":[{"start":{"line":309,"column":8},"end":{"line":309,"column":8},"skip":true},{"start":{"line":309,"column":8},"end":{"line":309,"column":8},"skip":true}]},"27":{"line":312,"type":"binary-expr","locations":[{"start":{"line":312,"column":27},"end":{"line":312,"column":43},"skip":true},{"start":{"line":312,"column":47},"end":{"line":312,"column":53},"skip":true}]},"28":{"line":316,"type":"if","locations":[{"start":{"line":316,"column":12},"end":{"line":316,"column":12},"skip":true},{"start":{"line":316,"column":12},"end":{"line":316,"column":12},"skip":true}]}},"code":["/*","example.js","","quickstart example","","instruction","    1. save this script as example.js","    2. run the shell command:","        $ npm install npmtest-algoliasearch && PORT=8081 node example.js","    3. play with the browser-demo on http://127.0.0.1:8081","*/","","","","/* istanbul instrument in package npmtest_algoliasearch */","/*jslint","    bitwise: true,","    browser: true,","    maxerr: 8,","    maxlen: 96,","    node: true,","    nomen: true,","    regexp: true,","    stupid: true","*/","(function () {","    'use strict';","    var local;","","","","    // run shared js-env code - pre-init","    (function () {","        // init local","        local = {};","        // init modeJs","        local.modeJs = (function () {","            try {","                return typeof navigator.userAgent === 'string' &&","                    typeof document.querySelector('body') === 'object' &&","                    typeof XMLHttpRequest.prototype.open === 'function' &&","                    'browser';","            } catch (errorCaughtBrowser) {","                return module.exports &&","                    typeof process.versions.node === 'string' &&","                    typeof require('http').createServer === 'function' &&","                    'node';","            }","        }());","        // init global","        local.global = local.modeJs === 'browser'","            ? window","            : global;","        // init utility2_rollup","        local = local.global.utility2_rollup || (local.modeJs === 'browser'","            ? local.global.utility2_npmtest_algoliasearch","            : global.utility2_moduleExports);","        // export local","        local.global.local = local;","    }());","    switch (local.modeJs) {","","","","    // post-init","    // run browser js-env code - post-init","    /* istanbul ignore next */","    case 'browser':","        local.testRunBrowser = function (event) {","            if (!event || (event &&","                    event.currentTarget &&","                    event.currentTarget.className &&","                    event.currentTarget.className.includes &&","                    event.currentTarget.className.includes('onreset'))) {","                // reset output","                Array.from(","                    document.querySelectorAll('body > .resettable')","                ).forEach(function (element) {","                    switch (element.tagName) {","                    case 'INPUT':","                    case 'TEXTAREA':","                        element.value = '';","                        break;","                    default:","                        element.textContent = '';","                    }","                });","            }","            switch (event && event.currentTarget && event.currentTarget.id) {","            case 'testRunButton1':","                // show tests","                if (document.querySelector('#testReportDiv1').style.display === 'none') {","                    document.querySelector('#testReportDiv1').style.display = 'block';","                    document.querySelector('#testRunButton1').textContent =","                        'hide internal test';","                    local.modeTest = true;","                    local.testRunDefault(local);","                // hide tests","                } else {","                    document.querySelector('#testReportDiv1').style.display = 'none';","                    document.querySelector('#testRunButton1').textContent = 'run internal test';","                }","                break;","            // custom-case","            default:","                break;","            }","            if (document.querySelector('#inputTextareaEval1') && (!event || (event &&","                    event.currentTarget &&","                    event.currentTarget.className &&","                    event.currentTarget.className.includes &&","                    event.currentTarget.className.includes('oneval')))) {","                // try to eval input-code","                try {","                    /*jslint evil: true*/","                    eval(document.querySelector('#inputTextareaEval1').value);","                } catch (errorCaught) {","                    console.error(errorCaught);","                }","            }","        };","        // log stderr and stdout to #outputTextareaStdout1","        ['error', 'log'].forEach(function (key) {","            console[key + '_original'] = console[key];","            console[key] = function () {","                var element;","                console[key + '_original'].apply(console, arguments);","                element = document.querySelector('#outputTextareaStdout1');","                if (!element) {","                    return;","                }","                // append text to #outputTextareaStdout1","                element.value += Array.from(arguments).map(function (arg) {","                    return typeof arg === 'string'","                        ? arg","                        : JSON.stringify(arg, null, 4);","                }).join(' ') + '\\n';","                // scroll textarea to bottom","                element.scrollTop = element.scrollHeight;","            };","        });","        // init event-handling","        ['change', 'click', 'keyup'].forEach(function (event) {","            Array.from(document.querySelectorAll('.on' + event)).forEach(function (element) {","                element.addEventListener(event, local.testRunBrowser);","            });","        });","        // run tests","        local.testRunBrowser();","        break;","","","","    // run node js-env code - post-init","    /* istanbul ignore next */","    case 'node':","        // export local","        module.exports = local;","        // require modules","        local.fs = require('fs');","        local.http = require('http');","        local.url = require('url');","        // init assets","        local.assetsDict = local.assetsDict || {};","        /* jslint-ignore-begin */","        local.assetsDict['/assets.index.template.html'] = '\\","<!doctype html>\\n\\","<html lang=\"en\">\\n\\","<head>\\n\\","<meta charset=\"UTF-8\">\\n\\","<meta name=\"viewport\" content=\"width=device-width, initial-scale=1\">\\n\\","<title>{{env.npm_package_name}} (v{{env.npm_package_version}})</title>\\n\\","<style>\\n\\","/*csslint\\n\\","    box-sizing: false,\\n\\","    universal-selector: false\\n\\","*/\\n\\","* {\\n\\","    box-sizing: border-box;\\n\\","}\\n\\","body {\\n\\","    background: #dde;\\n\\","    font-family: Arial, Helvetica, sans-serif;\\n\\","    margin: 2rem;\\n\\","}\\n\\","body > * {\\n\\","    margin-bottom: 1rem;\\n\\","}\\n\\",".utility2FooterDiv {\\n\\","    margin-top: 20px;\\n\\","    text-align: center;\\n\\","}\\n\\","</style>\\n\\","<style>\\n\\","/*csslint\\n\\","*/\\n\\","textarea {\\n\\","    font-family: monospace;\\n\\","    height: 10rem;\\n\\","    width: 100%;\\n\\","}\\n\\","textarea[readonly] {\\n\\","    background: #ddd;\\n\\","}\\n\\","</style>\\n\\","</head>\\n\\","<body>\\n\\","<!-- utility2-comment\\n\\","<div id=\"ajaxProgressDiv1\" style=\"background: #d00; height: 2px; left: 0; margin: 0; padding: 0; position: fixed; top: 0; transition: background 0.5s, width 1.5s; width: 25%;\"></div>\\n\\","utility2-comment -->\\n\\","<h1>\\n\\","<!-- utility2-comment\\n\\","    <a\\n\\","        {{#if env.npm_package_homepage}}\\n\\","        href=\"{{env.npm_package_homepage}}\"\\n\\","        {{/if env.npm_package_homepage}}\\n\\","        target=\"_blank\"\\n\\","    >\\n\\","utility2-comment -->\\n\\","        {{env.npm_package_name}} (v{{env.npm_package_version}})\\n\\","<!-- utility2-comment\\n\\","    </a>\\n\\","utility2-comment -->\\n\\","</h1>\\n\\","<h3>{{env.npm_package_description}}</h3>\\n\\","<!-- utility2-comment\\n\\","<h4><a download href=\"assets.app.js\">download standalone app</a></h4>\\n\\","<button class=\"onclick onreset\" id=\"testRunButton1\">run internal test</button><br>\\n\\","<div id=\"testReportDiv1\" style=\"display: none;\"></div>\\n\\","utility2-comment -->\\n\\","\\n\\","\\n\\","\\n\\","<label>stderr and stdout</label>\\n\\","<textarea class=\"resettable\" id=\"outputTextareaStdout1\" readonly></textarea>\\n\\","<!-- utility2-comment\\n\\","{{#if isRollup}}\\n\\","<script src=\"assets.app.js\"></script>\\n\\","{{#unless isRollup}}\\n\\","utility2-comment -->\\n\\","<script src=\"assets.utility2.rollup.js\"></script>\\n\\","<script src=\"jsonp.utility2._stateInit?callback=window.utility2._stateInit\"></script>\\n\\","<script src=\"assets.npmtest_algoliasearch.rollup.js\"></script>\\n\\","<script src=\"assets.example.js\"></script>\\n\\","<script src=\"assets.test.js\"></script>\\n\\","<!-- utility2-comment\\n\\","{{/if isRollup}}\\n\\","utility2-comment -->\\n\\","<div class=\"utility2FooterDiv\">\\n\\","    [ this app was created with\\n\\","    <a href=\"https://github.com/kaizhu256/node-utility2\" target=\"_blank\">utility2</a>\\n\\","    ]\\n\\","</div>\\n\\","</body>\\n\\","</html>\\n\\","';","        /* jslint-ignore-end */","        if (local.templateRender) {","            local.assetsDict['/'] = local.templateRender(","                local.assetsDict['/assets.index.template.html'],","                {","                    env: local.objectSetDefault(local.env, {","                        npm_package_description: 'the greatest app in the world!',","                        npm_package_name: 'my-app',","                        npm_package_nameAlias: 'my_app',","                        npm_package_version: '0.0.1'","                    })","                }","            );","        } else {","            local.assetsDict['/'] = local.assetsDict['/assets.index.template.html']","                .replace((/\\{\\{env\\.(\\w+?)\\}\\}/g), function (match0, match1) {","                    // jslint-hack","                    String(match0);","                    switch (match1) {","                    case 'npm_package_description':","                        return 'the greatest app in the world!';","                    case 'npm_package_name':","                        return 'my-app';","                    case 'npm_package_nameAlias':","                        return 'my_app';","                    case 'npm_package_version':","                        return '0.0.1';","                    }","                });","        }","        // run the cli","        if (local.global.utility2_rollup || module !== require.main) {","            break;","        }","        local.assetsDict['/assets.example.js'] =","            local.assetsDict['/assets.example.js'] ||","            local.fs.readFileSync(__filename, 'utf8');","        local.assetsDict['/assets.npmtest_algoliasearch.rollup.js'] =","            local.assetsDict['/assets.npmtest_algoliasearch.rollup.js'] ||","            local.fs.readFileSync(","                // buildCustomOrg-hack","                local.npmtest_algoliasearch.__dirname +","                    '/lib.npmtest_algoliasearch.js',","                'utf8'","            ).replace((/^#!/), '//');","        local.assetsDict['/favicon.ico'] = local.assetsDict['/favicon.ico'] || '';","        // if $npm_config_timeout_exit exists,","        // then exit this process after $npm_config_timeout_exit ms","        if (Number(process.env.npm_config_timeout_exit)) {","            setTimeout(process.exit, Number(process.env.npm_config_timeout_exit));","        }","        // start server","        if (local.global.utility2_serverHttp1) {","            break;","        }","        process.env.PORT = process.env.PORT || '8081';","        console.error('server starting on port ' + process.env.PORT);","        local.http.createServer(function (request, response) {","            request.urlParsed = local.url.parse(request.url);","            if (local.assetsDict[request.urlParsed.pathname] !== undefined) {","                response.end(local.assetsDict[request.urlParsed.pathname]);","                return;","            }","            response.statusCode = 404;","            response.end();","        }).listen(process.env.PORT);","        break;","    }","}());",""],"l":{"26":2,"28":2,"33":2,"35":2,"37":2,"38":2,"39":2,"44":1,"51":2,"55":2,"59":2,"61":2,"69":1,"70":2,"76":2,"79":2,"82":2,"83":2,"85":1,"89":2,"92":1,"93":1,"94":1,"96":1,"97":1,"100":1,"101":1,"103":1,"106":1,"108":2,"114":1,"116":1,"118":1,"123":1,"124":2,"125":2,"126":2,"127":2,"128":2,"129":2,"130":1,"133":2,"134":2,"139":2,"143":1,"144":3,"145":1,"149":1,"150":1,"158":1,"160":1,"161":1,"162":1,"164":1,"166":1,"258":1,"259":1,"271":1,"274":6,"275":6,"277":1,"279":2,"281":1,"283":2,"288":1,"289":1,"291":1,"294":1,"302":1,"305":1,"306":1,"309":1,"310":1,"312":1,"313":1,"314":1,"315":1,"316":1,"317":1,"318":1,"320":1,"321":1,"323":1}},"/home/travis/build/npmtest/node-npmtest-algoliasearch/node_modules/algoliasearch/index.js":{"path":"/home/travis/build/npmtest/node-npmtest-algoliasearch/node_modules/algoliasearch/index.js","s":{"1":1},"b":{},"f":{},"fnMap":{},"statementMap":{"1":{"start":{"line":6,"column":0},"end":{"line":6,"column":53}}},"branchMap":{},"code":["'use strict';","","// default entrypoint is the node module","// this is overriden by the `browser` field in package.json","// https://github.com/substack/node-browserify#browser-field","module.exports = require('./src/server/builds/node');",""],"l":{"6":1}},"/home/travis/build/npmtest/node-npmtest-algoliasearch/node_modules/algoliasearch/src/server/builds/node.js":{"path":"/home/travis/build/npmtest/node-npmtest-algoliasearch/node_modules/algoliasearch/src/server/builds/node.js","s":{"1":1,"2":1,"3":1,"4":1,"5":1,"6":1,"7":1,"8":1,"9":1,"10":1,"11":1,"12":1,"13":1,"14":0,"15":1,"16":0,"17":1,"18":1,"19":0,"20":0,"21":0,"22":0,"23":0,"24":0,"25":1,"26":0,"27":0,"28":0,"29":0,"30":0,"31":0,"32":0,"33":0,"34":0,"35":0,"36":1,"37":1,"38":1,"39":1,"40":0,"41":0,"42":0,"43":1,"44":1,"45":0,"46":0,"47":0,"48":0,"49":0,"50":0,"51":0,"52":0,"53":0,"54":0,"55":0,"56":0,"57":0,"58":0,"59":0,"60":0,"61":0,"62":0,"63":0,"64":0,"65":0,"66":0,"67":0,"68":0,"69":0,"70":0,"71":0,"72":0,"73":0,"74":0,"75":0,"76":0,"77":0,"78":0,"79":1,"80":0,"81":0,"82":0,"83":0,"84":0,"85":0,"86":0,"87":0,"88":0,"89":1,"90":0,"91":1,"92":0,"93":0,"94":0,"95":0,"96":0,"97":0,"98":0,"99":0,"100":0,"101":1,"102":0,"103":0,"104":0,"105":0,"106":1,"107":0,"108":0,"109":0,"110":0,"111":0,"112":0,"113":0,"114":1,"115":0,"116":0,"117":0,"118":0,"119":1,"120":0,"121":0,"122":0,"123":0,"124":1,"125":0,"126":0,"127":0,"128":0,"129":1,"130":0,"131":0,"132":1,"133":0,"134":0,"135":0,"136":0,"137":0,"138":0,"139":0,"140":0,"141":0,"142":0,"143":0,"144":0,"145":0,"146":0,"147":0},"b":{"1":[1,0],"2":[0,1],"3":[0,1],"4":[0,0],"5":[0,0],"6":[0,0],"7":[0,0],"8":[0,0],"9":[0,0],"10":[0,0],"11":[0,0],"12":[0,0],"13":[0,0],"14":[0,0],"15":[0,0],"16":[0,0],"17":[0,0],"18":[0,0],"19":[0,0],"20":[0,0,0],"21":[0,0],"22":[0,0],"23":[0,0],"24":[0,0],"25":[0,0],"26":[0,0]},"f":{"1":0,"2":0,"3":0,"4":0,"5":0,"6":0,"7":0,"8":0,"9":0,"10":0,"11":0,"12":0,"13":0,"14":0,"15":0,"16":0,"17":0,"18":0,"19":0},"fnMap":{"1":{"name":"algoliasearch","line":31,"loc":{"start":{"line":31,"column":0},"end":{"line":31,"column":52}}},"2":{"name":"allButHttpAgent","line":45,"loc":{"start":{"line":45,"column":2},"end":{"line":45,"column":55}}},"3":{"name":"AlgoliaSearchNodeJS","line":75,"loc":{"start":{"line":75,"column":0},"end":{"line":75,"column":58}}},"4":{"name":"request","line":86,"loc":{"start":{"line":86,"column":41},"end":{"line":86,"column":72}}},"5":{"name":"doReq","line":93,"loc":{"start":{"line":93,"column":21},"end":{"line":93,"column":53}}},"6":{"name":"setRequestHeader","line":130,"loc":{"start":{"line":130,"column":38},"end":{"line":130,"column":76}}},"7":{"name":"response","line":157,"loc":{"start":{"line":157,"column":4},"end":{"line":157,"column":27}}},"8":{"name":"onData","line":180,"loc":{"start":{"line":180,"column":6},"end":{"line":180,"column":29}}},"9":{"name":"onEnd","line":184,"loc":{"start":{"line":184,"column":6},"end":{"line":184,"column":23}}},"10":{"name":"onCompleteTimeout","line":209,"loc":{"start":{"line":209,"column":6},"end":{"line":209,"column":35}}},"11":{"name":"error","line":217,"loc":{"start":{"line":217,"column":4},"end":{"line":217,"column":24}}},"12":{"name":"timeout","line":230,"loc":{"start":{"line":230,"column":4},"end":{"line":230,"column":23}}},"13":{"name":"abort","line":237,"loc":{"start":{"line":237,"column":4},"end":{"line":237,"column":21}}},"14":{"name":"reject","line":249,"loc":{"start":{"line":249,"column":10},"end":{"line":249,"column":31}}},"15":{"name":"resolve","line":252,"loc":{"start":{"line":252,"column":11},"end":{"line":252,"column":33}}},"16":{"name":"delayPromise","line":255,"loc":{"start":{"line":255,"column":9},"end":{"line":255,"column":35}}},"17":{"name":"resolveOnTimeout","line":256,"loc":{"start":{"line":256,"column":23},"end":{"line":256,"column":72}}},"18":{"name":"destroy","line":262,"loc":{"start":{"line":262,"column":40},"end":{"line":262,"column":59}}},"19":{"name":"generateSecuredApiKey","line":275,"loc":{"start":{"line":275,"column":54},"end":{"line":275,"column":140}}}},"statementMap":{"1":{"start":{"line":4,"column":0},"end":{"line":4,"column":31}},"2":{"start":{"line":6,"column":0},"end":{"line":6,"column":53}},"3":{"start":{"line":7,"column":0},"end":{"line":7,"column":31}},"4":{"start":{"line":8,"column":0},"end":{"line":8,"column":27}},"5":{"start":{"line":10,"column":0},"end":{"line":10,"column":35}},"6":{"start":{"line":11,"column":0},"end":{"line":11,"column":63}},"7":{"start":{"line":12,"column":0},"end":{"line":12,"column":31}},"8":{"start":{"line":13,"column":0},"end":{"line":13,"column":64}},"9":{"start":{"line":14,"column":0},"end":{"line":14,"column":59}},"10":{"start":{"line":15,"column":0},"end":{"line":15,"column":40}},"11":{"start":{"line":17,"column":0},"end":{"line":17,"column":59}},"12":{"start":{"line":18,"column":0},"end":{"line":18,"column":37}},"13":{"start":{"line":21,"column":0},"end":{"line":23,"column":1}},"14":{"start":{"line":22,"column":2},"end":{"line":22,"column":98}},"15":{"start":{"line":25,"column":0},"end":{"line":27,"column":1}},"16":{"start":{"line":26,"column":2},"end":{"line":26,"column":44}},"17":{"start":{"line":29,"column":0},"end":{"line":29,"column":35}},"18":{"start":{"line":31,"column":0},"end":{"line":69,"column":1}},"19":{"start":{"line":32,"column":2},"end":{"line":32,"column":44}},"20":{"start":{"line":33,"column":2},"end":{"line":33,"column":33}},"21":{"start":{"line":35,"column":2},"end":{"line":37,"column":3}},"22":{"start":{"line":36,"column":4},"end":{"line":36,"column":14}},"23":{"start":{"line":39,"column":2},"end":{"line":39,"column":33}},"24":{"start":{"line":41,"column":2},"end":{"line":41,"column":54}},"25":{"start":{"line":45,"column":2},"end":{"line":51,"column":3}},"26":{"start":{"line":46,"column":4},"end":{"line":48,"column":5}},"27":{"start":{"line":47,"column":6},"end":{"line":47,"column":34}},"28":{"start":{"line":50,"column":4},"end":{"line":50,"column":24}},"29":{"start":{"line":53,"column":2},"end":{"line":53,"column":29}},"30":{"start":{"line":55,"column":2},"end":{"line":59,"column":4}},"31":{"start":{"line":61,"column":2},"end":{"line":63,"column":3}},"32":{"start":{"line":62,"column":4},"end":{"line":62,"column":29}},"33":{"start":{"line":65,"column":2},"end":{"line":65,"column":42}},"34":{"start":{"line":66,"column":2},"end":{"line":66,"column":25}},"35":{"start":{"line":68,"column":2},"end":{"line":68,"column":62}},"36":{"start":{"line":71,"column":0},"end":{"line":71,"column":52}},"37":{"start":{"line":72,"column":0},"end":{"line":72,"column":66}},"38":{"start":{"line":73,"column":0},"end":{"line":73,"column":49}},"39":{"start":{"line":75,"column":0},"end":{"line":82,"column":1}},"40":{"start":{"line":76,"column":2},"end":{"line":76,"column":40}},"41":{"start":{"line":79,"column":2},"end":{"line":79,"column":45}},"42":{"start":{"line":81,"column":2},"end":{"line":81,"column":58}},"43":{"start":{"line":84,"column":0},"end":{"line":84,"column":51}},"44":{"start":{"line":86,"column":0},"end":{"line":246,"column":2}},"45":{"start":{"line":87,"column":2},"end":{"line":87,"column":29}},"46":{"start":{"line":88,"column":2},"end":{"line":88,"column":31}},"47":{"start":{"line":89,"column":2},"end":{"line":89,"column":27}},"48":{"start":{"line":91,"column":2},"end":{"line":91,"column":20}},"49":{"start":{"line":93,"column":2},"end":{"line":245,"column":5}},"50":{"start":{"line":94,"column":4},"end":{"line":94,"column":88}},"51":{"start":{"line":96,"column":4},"end":{"line":96,"column":25}},"52":{"start":{"line":98,"column":4},"end":{"line":98,"column":38}},"53":{"start":{"line":99,"column":4},"end":{"line":105,"column":6}},"54":{"start":{"line":107,"column":4},"end":{"line":107,"column":25}},"55":{"start":{"line":108,"column":4},"end":{"line":108,"column":18}},"56":{"start":{"line":109,"column":4},"end":{"line":109,"column":12}},"57":{"start":{"line":111,"column":4},"end":{"line":125,"column":5}},"58":{"start":{"line":115,"column":6},"end":{"line":117,"column":7}},"59":{"start":{"line":116,"column":8},"end":{"line":116,"column":34}},"60":{"start":{"line":118,"column":6},"end":{"line":118,"column":42}},"61":{"start":{"line":121,"column":6},"end":{"line":123,"column":7}},"62":{"start":{"line":122,"column":8},"end":{"line":122,"column":33}},"63":{"start":{"line":124,"column":6},"end":{"line":124,"column":41}},"64":{"start":{"line":127,"column":4},"end":{"line":127,"column":46}},"65":{"start":{"line":128,"column":4},"end":{"line":128,"column":48}},"66":{"start":{"line":130,"column":4},"end":{"line":132,"column":7}},"67":{"start":{"line":131,"column":6},"end":{"line":131,"column":58}},"68":{"start":{"line":134,"column":4},"end":{"line":134,"column":53}},"69":{"start":{"line":138,"column":4},"end":{"line":138,"column":59}},"70":{"start":{"line":140,"column":4},"end":{"line":140,"column":29}},"71":{"start":{"line":141,"column":4},"end":{"line":141,"column":35}},"72":{"start":{"line":142,"column":4},"end":{"line":153,"column":5}},"73":{"start":{"line":143,"column":6},"end":{"line":143,"column":56}},"74":{"start":{"line":144,"column":6},"end":{"line":144,"column":71}},"75":{"start":{"line":145,"column":6},"end":{"line":145,"column":22}},"76":{"start":{"line":146,"column":11},"end":{"line":153,"column":5}},"77":{"start":{"line":152,"column":6},"end":{"line":152,"column":41}},"78":{"start":{"line":155,"column":4},"end":{"line":155,"column":14}},"79":{"start":{"line":157,"column":4},"end":{"line":215,"column":5}},"80":{"start":{"line":158,"column":6},"end":{"line":158,"column":30}},"81":{"start":{"line":159,"column":6},"end":{"line":159,"column":72}},"82":{"start":{"line":160,"column":6},"end":{"line":160,"column":22}},"83":{"start":{"line":161,"column":6},"end":{"line":161,"column":28}},"84":{"start":{"line":165,"column":6},"end":{"line":165,"column":32}},"85":{"start":{"line":166,"column":6},"end":{"line":166,"column":38}},"86":{"start":{"line":171,"column":6},"end":{"line":174,"column":7}},"87":{"start":{"line":173,"column":8},"end":{"line":173,"column":43}},"88":{"start":{"line":176,"column":6},"end":{"line":178,"column":28}},"89":{"start":{"line":180,"column":6},"end":{"line":182,"column":7}},"90":{"start":{"line":181,"column":8},"end":{"line":181,"column":27}},"91":{"start":{"line":184,"column":6},"end":{"line":207,"column":7}},"92":{"start":{"line":185,"column":8},"end":{"line":185,"column":32}},"93":{"start":{"line":187,"column":8},"end":{"line":187,"column":52}},"94":{"start":{"line":188,"column":8},"end":{"line":188,"column":16}},"95":{"start":{"line":190,"column":8},"end":{"line":200,"column":9}},"96":{"start":{"line":191,"column":10},"end":{"line":195,"column":12}},"97":{"start":{"line":197,"column":10},"end":{"line":199,"column":13}},"98":{"start":{"line":202,"column":8},"end":{"line":206,"column":9}},"99":{"start":{"line":203,"column":10},"end":{"line":203,"column":22}},"100":{"start":{"line":205,"column":10},"end":{"line":205,"column":23}},"101":{"start":{"line":209,"column":6},"end":{"line":214,"column":7}},"102":{"start":{"line":210,"column":8},"end":{"line":210,"column":43}},"103":{"start":{"line":211,"column":8},"end":{"line":211,"column":41}},"104":{"start":{"line":212,"column":8},"end":{"line":212,"column":30}},"105":{"start":{"line":213,"column":8},"end":{"line":213,"column":18}},"106":{"start":{"line":217,"column":4},"end":{"line":228,"column":5}},"107":{"start":{"line":218,"column":6},"end":{"line":218,"column":49}},"108":{"start":{"line":220,"column":6},"end":{"line":223,"column":7}},"109":{"start":{"line":221,"column":8},"end":{"line":221,"column":51}},"110":{"start":{"line":222,"column":8},"end":{"line":222,"column":15}},"111":{"start":{"line":225,"column":6},"end":{"line":225,"column":14}},"112":{"start":{"line":226,"column":6},"end":{"line":226,"column":30}},"113":{"start":{"line":227,"column":6},"end":{"line":227,"column":51}},"114":{"start":{"line":230,"column":4},"end":{"line":235,"column":5}},"115":{"start":{"line":231,"column":6},"end":{"line":231,"column":22}},"116":{"start":{"line":232,"column":6},"end":{"line":232,"column":39}},"117":{"start":{"line":233,"column":6},"end":{"line":233,"column":14}},"118":{"start":{"line":234,"column":6},"end":{"line":234,"column":42}},"119":{"start":{"line":237,"column":4},"end":{"line":244,"column":5}},"120":{"start":{"line":238,"column":6},"end":{"line":240,"column":7}},"121":{"start":{"line":239,"column":8},"end":{"line":239,"column":36}},"122":{"start":{"line":242,"column":6},"end":{"line":242,"column":47}},"123":{"start":{"line":243,"column":6},"end":{"line":243,"column":18}},"124":{"start":{"line":248,"column":0},"end":{"line":260,"column":2}},"125":{"start":{"line":250,"column":4},"end":{"line":250,"column":31}},"126":{"start":{"line":253,"column":4},"end":{"line":253,"column":32}},"127":{"start":{"line":256,"column":4},"end":{"line":258,"column":7}},"128":{"start":{"line":257,"column":6},"end":{"line":257,"column":30}},"129":{"start":{"line":262,"column":0},"end":{"line":266,"column":2}},"130":{"start":{"line":263,"column":2},"end":{"line":265,"column":3}},"131":{"start":{"line":264,"column":4},"end":{"line":264,"column":26}},"132":{"start":{"line":275,"column":0},"end":{"line":313,"column":2}},"133":{"start":{"line":276,"column":2},"end":{"line":276,"column":19}},"134":{"start":{"line":278,"column":2},"end":{"line":305,"column":3}},"135":{"start":{"line":281,"column":4},"end":{"line":283,"column":6}},"136":{"start":{"line":285,"column":4},"end":{"line":287,"column":5}},"137":{"start":{"line":286,"column":6},"end":{"line":286,"column":41}},"138":{"start":{"line":289,"column":4},"end":{"line":289,"column":59}},"139":{"start":{"line":290,"column":9},"end":{"line":305,"column":3}},"140":{"start":{"line":291,"column":4},"end":{"line":297,"column":5}},"141":{"start":{"line":293,"column":6},"end":{"line":293,"column":65}},"142":{"start":{"line":296,"column":6},"end":{"line":296,"column":49}},"143":{"start":{"line":300,"column":4},"end":{"line":302,"column":5}},"144":{"start":{"line":301,"column":6},"end":{"line":301,"column":68}},"145":{"start":{"line":304,"column":4},"end":{"line":304,"column":74}},"146":{"start":{"line":307,"column":2},"end":{"line":310,"column":19}},"147":{"start":{"line":312,"column":2},"end":{"line":312,"column":66}}},"branchMap":{"1":{"line":11,"type":"binary-expr","locations":[{"start":{"line":11,"column":14},"end":{"line":11,"column":28}},{"start":{"line":11,"column":32},"end":{"line":11,"column":62}}]},"2":{"line":21,"type":"if","locations":[{"start":{"line":21,"column":0},"end":{"line":21,"column":0}},{"start":{"line":21,"column":0},"end":{"line":21,"column":0}}]},"3":{"line":25,"type":"if","locations":[{"start":{"line":25,"column":0},"end":{"line":25,"column":0}},{"start":{"line":25,"column":0},"end":{"line":25,"column":0}}]},"4":{"line":35,"type":"if","locations":[{"start":{"line":35,"column":2},"end":{"line":35,"column":2}},{"start":{"line":35,"column":2},"end":{"line":35,"column":2}}]},"5":{"line":46,"type":"if","locations":[{"start":{"line":46,"column":4},"end":{"line":46,"column":4}},{"start":{"line":46,"column":4},"end":{"line":46,"column":4}}]},"6":{"line":55,"type":"binary-expr","locations":[{"start":{"line":55,"column":18},"end":{"line":55,"column":31}},{"start":{"line":55,"column":35},"end":{"line":59,"column":3}}]},"7":{"line":61,"type":"if","locations":[{"start":{"line":61,"column":2},"end":{"line":61,"column":2}},{"start":{"line":61,"column":2},"end":{"line":61,"column":2}}]},"8":{"line":65,"type":"binary-expr","locations":[{"start":{"line":65,"column":13},"end":{"line":65,"column":21}},{"start":{"line":65,"column":25},"end":{"line":65,"column":41}}]},"9":{"line":81,"type":"binary-expr","locations":[{"start":{"line":81,"column":16},"end":{"line":81,"column":30}},{"start":{"line":81,"column":34},"end":{"line":81,"column":57}}]},"10":{"line":111,"type":"if","locations":[{"start":{"line":111,"column":4},"end":{"line":111,"column":4}},{"start":{"line":111,"column":4},"end":{"line":111,"column":4}}]},"11":{"line":115,"type":"if","locations":[{"start":{"line":115,"column":6},"end":{"line":115,"column":6}},{"start":{"line":115,"column":6},"end":{"line":115,"column":6}}]},"12":{"line":121,"type":"if","locations":[{"start":{"line":121,"column":6},"end":{"line":121,"column":6}},{"start":{"line":121,"column":6},"end":{"line":121,"column":6}}]},"13":{"line":142,"type":"if","locations":[{"start":{"line":142,"column":4},"end":{"line":142,"column":4}},{"start":{"line":142,"column":4},"end":{"line":142,"column":4}}]},"14":{"line":146,"type":"if","locations":[{"start":{"line":146,"column":11},"end":{"line":146,"column":11}},{"start":{"line":146,"column":11},"end":{"line":146,"column":11}}]},"15":{"line":171,"type":"if","locations":[{"start":{"line":171,"column":6},"end":{"line":171,"column":6}},{"start":{"line":171,"column":6},"end":{"line":171,"column":6}}]},"16":{"line":171,"type":"binary-expr","locations":[{"start":{"line":171,"column":10},"end":{"line":171,"column":48}},{"start":{"line":172,"column":10},"end":{"line":172,"column":51}}]},"17":{"line":202,"type":"if","locations":[{"start":{"line":202,"column":8},"end":{"line":202,"column":8}},{"start":{"line":202,"column":8},"end":{"line":202,"column":8}}]},"18":{"line":220,"type":"if","locations":[{"start":{"line":220,"column":6},"end":{"line":220,"column":6}},{"start":{"line":220,"column":6},"end":{"line":220,"column":6}}]},"19":{"line":238,"type":"if","locations":[{"start":{"line":238,"column":6},"end":{"line":238,"column":6}},{"start":{"line":238,"column":6},"end":{"line":238,"column":6}}]},"20":{"line":238,"type":"binary-expr","locations":[{"start":{"line":238,"column":10},"end":{"line":238,"column":19}},{"start":{"line":238,"column":23},"end":{"line":238,"column":33}},{"start":{"line":238,"column":37},"end":{"line":238,"column":54}}]},"21":{"line":263,"type":"if","locations":[{"start":{"line":263,"column":2},"end":{"line":263,"column":2}},{"start":{"line":263,"column":2},"end":{"line":263,"column":2}}]},"22":{"line":278,"type":"if","locations":[{"start":{"line":278,"column":2},"end":{"line":278,"column":2}},{"start":{"line":278,"column":2},"end":{"line":278,"column":2}}]},"23":{"line":285,"type":"if","locations":[{"start":{"line":285,"column":4},"end":{"line":285,"column":4}},{"start":{"line":285,"column":4},"end":{"line":285,"column":4}}]},"24":{"line":290,"type":"if","locations":[{"start":{"line":290,"column":9},"end":{"line":290,"column":9}},{"start":{"line":290,"column":9},"end":{"line":290,"column":9}}]},"25":{"line":291,"type":"if","locations":[{"start":{"line":291,"column":4},"end":{"line":291,"column":4}},{"start":{"line":291,"column":4},"end":{"line":291,"column":4}}]},"26":{"line":300,"type":"if","locations":[{"start":{"line":300,"column":4},"end":{"line":300,"column":4}},{"start":{"line":300,"column":4},"end":{"line":300,"column":4}}]}},"code":["'use strict';","","// This is the Node.JS entry point","module.exports = algoliasearch;","","var debug = require('debug')('algoliasearch:nodejs');","var crypto = require('crypto');","var zlib = require('zlib');","","var inherits = require('inherits');","var Promise = global.Promise || require('es6-promise').Promise;","var semver = require('semver');","var isNotSupported = semver.satisfies(process.version, '<0.10');","var isNode010 = semver.satisfies(process.version, '=0.10');","var places = require('../../places.js');","","var AlgoliaSearchServer = require('./AlgoliaSearchServer');","var errors = require('../../errors');","","// does not work on node <= 0.8","if (isNotSupported) {","  throw new errors.AlgoliaSearchError('Node.js version ' + process.version + ' is not supported');","}","","if (process.env.NODE_ENV === 'debug') {","  require('debug').enable('algoliasearch*');","}","","debug('loaded the Node.js client');","","function algoliasearch(applicationID, apiKey, opts) {","  var cloneDeep = require('../../clone.js');","  var reduce = require('reduce');","","  if (!opts) {","    opts = {};","  }","","  var httpAgent = opts.httpAgent;","","  opts = cloneDeep(reduce(opts, allButHttpAgent, {}));","","  // as an httpAgent is an object with methods etc, we take a reference to","  // it rather than cloning it like other values","  function allButHttpAgent(filteredOpts, val, keyName) {","    if (keyName !== 'httpAgent') {","      filteredOpts[keyName] = val;","    }","","    return filteredOpts;","  }","","  opts.httpAgent = httpAgent;","","  opts.timeouts = opts.timeouts || {","    connect: 2 * 1000,","    read: 5 * 1000,","    write: 30 * 1000","  };","","  if (opts.protocol === undefined) {","    opts.protocol = 'https:';","  }","","  opts._ua = opts._ua || algoliasearch.ua;","  opts._useCache = false;","","  return new AlgoliaSearchNodeJS(applicationID, apiKey, opts);","}","","algoliasearch.version = require('../../version.js');","algoliasearch.ua = 'Algolia for Node.js ' + algoliasearch.version;","algoliasearch.initPlaces = places(algoliasearch);","","function AlgoliaSearchNodeJS(applicationID, apiKey, opts) {","  var getAgent = require('./get-agent');","","  // call AlgoliaSearchServer constructor","  AlgoliaSearchServer.apply(this, arguments);","","  this._Agent = opts.httpAgent || getAgent(opts.protocol);","}","","inherits(AlgoliaSearchNodeJS, AlgoliaSearchServer);","","AlgoliaSearchNodeJS.prototype._request = function request(rawUrl, opts) {","  var http = require('http');","  var https = require('https');","  var url = require('url');","","  var client = this;","","  return new Promise(function doReq(resolve, reject) {","    opts.debug('url: %s, method: %s, timeouts: %j', rawUrl, opts.method, opts.timeouts);","","    var body = opts.body;","","    var parsedUrl = url.parse(rawUrl);","    var requestOptions = {","      hostname: parsedUrl.hostname,","      port: parsedUrl.port,","      method: opts.method,","      path: parsedUrl.path,","      agent: client._Agent","    };","","    var timedOut = false;","    var timeoutId;","    var req;","","    if (parsedUrl.protocol === 'https:') {","      // we do not rely on any \"smart\" port computing by either node.js","      // or a custom http agent, because:","      // https://github.com/TooTallNate/node-https-proxy-agent/issues/7#issuecomment-119539690","      if (requestOptions.port === null) {","        requestOptions.port = 443;","      }","      req = https.request(requestOptions);","    } else {","      // same reason to set the port as `https:`","      if (requestOptions.port === null) {","        requestOptions.port = 80;","      }","      req = http.request(requestOptions);","    }","","    req.setHeader('connection', 'keep-alive');","    req.setHeader('accept', 'application/json');","","    Object.keys(opts.headers).forEach(function setRequestHeader(headerName) {","      req.setHeader(headerName, opts.headers[headerName]);","    });","","    req.setHeader('accept-encoding', 'gzip,deflate');","","    // we do not use req.setTimeout because it's either an inactivity timeout","    // or a global timeout given the nodejs version","    timeoutId = setTimeout(timeout, opts.timeouts.connect);","","    req.once('error', error);","    req.once('response', response);","    if (body) {","      req.setHeader('content-type', 'application/json');","      req.setHeader('content-length', Buffer.byteLength(body, 'utf8'));","      req.write(body);","    } else if (req.method === 'DELETE') {","      // Node.js was setting transfer-encoding: chunked on all DELETE requests","      // which is not good since there's no body to be sent, resulting in nginx","      // sending 400 on socket reuse (waiting for previous socket data)","      // https://github.com/nodejs/node-v0.x-archive/issues/6164","      // https://github.com/nodejs/node-v0.x-archive/commit/aef0960","      req.setHeader('content-length', 0);","    }","","    req.end();","","    function response(res) {","      clearTimeout(timeoutId);","      timeoutId = setTimeout(onCompleteTimeout, opts.timeouts.complete);","      var chunks = [];","      var originalRes = res;","","      // save headers and statusCode BEFORE treating the response as zlib, otherwise","      // we lose them","      var headers = res.headers;","      var statusCode = res.statusCode;","","      // Algolia answers should be gzip when asked for it,","      // but a proxy might uncompress Algolia response","      // So we handle both compressed and uncompressed","      if (headers['content-encoding'] === 'gzip' ||","          headers['content-encoding'] === 'deflate') {","        res = res.pipe(zlib.createUnzip());","      }","","      res","        .on('data', onData)","        .once('end', onEnd);","","      function onData(chunk) {","        chunks.push(chunk);","      }","","      function onEnd() {","        clearTimeout(timeoutId);","","        var data = Buffer.concat(chunks).toString();","        var out;","","        try {","          out = {","            body: JSON.parse(data),","            statusCode: statusCode,","            headers: headers","          };","        } catch (e) {","          out = new errors.UnparsableJSON({","            more: data","          });","        }","","        if (out instanceof errors.UnparsableJSON) {","          reject(out);","        } else {","          resolve(out);","        }","      }","","      function onCompleteTimeout() {","        res.removeListener('data', onData);","        res.removeListener('end', onEnd);","        originalRes.destroy();","        timeout();","      }","    }","","    function error(err) {","      opts.debug('error: %j  - %s', err, rawUrl);","","      if (timedOut) {","        opts.debug('request had already timedout');","        return;","      }","","      abort();","      clearTimeout(timeoutId);","      reject(new errors.Network(err.message, err));","    }","","    function timeout() {","      timedOut = true;","      opts.debug('timeout %s', rawUrl);","      abort();","      reject(new errors.RequestTimeout());","    }","","    function abort() {","      if (isNode010 && req.socket && req.socket.socket) {","        req.socket.socket.destroy();","      }","","      req.removeListener('response', response);","      req.abort();","    }","  });","};","","AlgoliaSearchNodeJS.prototype._promise = {","  reject: function reject(val) {","    return Promise.reject(val);","  },","  resolve: function resolve(val) {","    return Promise.resolve(val);","  },","  delay: function delayPromise(ms) {","    return new Promise(function resolveOnTimeout(resolve/* , reject */) {","      setTimeout(resolve, ms);","    });","  }","};","","AlgoliaSearchNodeJS.prototype.destroy = function destroy() {","  if (typeof this._Agent.destroy === 'function') {","    this._Agent.destroy();","  }","};","","/*"," * Generate a secured and public API Key from an apiKey and queryParameters"," * optional user token identifying the current user"," *"," * @param apiKey - The api key to encode as secure"," * @param {Object} [queryParameters] - Any search query parameter"," */","AlgoliaSearchNodeJS.prototype.generateSecuredApiKey = function generateSecuredApiKey(privateApiKey, queryParametersOrTagFilters, userToken) {","  var searchParams;","","  if (Array.isArray(queryParametersOrTagFilters)) {","    // generateSecuredApiKey(apiKey, ['user_42'], userToken);","","    searchParams = {","      tagFilters: queryParametersOrTagFilters","    };","","    if (userToken) {","      searchParams.userToken = userToken;","    }","","    searchParams = this._getSearchParams(searchParams, '');","  } else if (typeof queryParametersOrTagFilters === 'string') {","    if (queryParametersOrTagFilters.indexOf('=') === -1) {","      // generateSecuredApiKey(apiKey, 'user_42', userToken);","      searchParams = 'tagFilters=' + queryParametersOrTagFilters;","    } else {","      // generateSecuredApiKey(apiKey, 'tagFilters=user_42', userToken);","      searchParams = queryParametersOrTagFilters;","    }","","","    if (userToken) {","      searchParams += '&userToken=' + encodeURIComponent(userToken);","    }","  } else {","    searchParams = this._getSearchParams(queryParametersOrTagFilters, '');","  }","","  var securedKey = crypto","    .createHmac('sha256', privateApiKey)","    .update(searchParams)","    .digest('hex');","","  return new Buffer(securedKey + searchParams).toString('base64');","};",""],"l":{"4":1,"6":1,"7":1,"8":1,"10":1,"11":1,"12":1,"13":1,"14":1,"15":1,"17":1,"18":1,"21":1,"22":0,"25":1,"26":0,"29":1,"31":1,"32":0,"33":0,"35":0,"36":0,"39":0,"41":0,"45":1,"46":0,"47":0,"50":0,"53":0,"55":0,"61":0,"62":0,"65":0,"66":0,"68":0,"71":1,"72":1,"73":1,"75":1,"76":0,"79":0,"81":0,"84":1,"86":1,"87":0,"88":0,"89":0,"91":0,"93":0,"94":0,"96":0,"98":0,"99":0,"107":0,"108":0,"109":0,"111":0,"115":0,"116":0,"118":0,"121":0,"122":0,"124":0,"127":0,"128":0,"130":0,"131":0,"134":0,"138":0,"140":0,"141":0,"142":0,"143":0,"144":0,"145":0,"146":0,"152":0,"155":0,"157":1,"158":0,"159":0,"160":0,"161":0,"165":0,"166":0,"171":0,"173":0,"176":0,"180":1,"181":0,"184":1,"185":0,"187":0,"188":0,"190":0,"191":0,"197":0,"202":0,"203":0,"205":0,"209":1,"210":0,"211":0,"212":0,"213":0,"217":1,"218":0,"220":0,"221":0,"222":0,"225":0,"226":0,"227":0,"230":1,"231":0,"232":0,"233":0,"234":0,"237":1,"238":0,"239":0,"242":0,"243":0,"248":1,"250":0,"253":0,"256":0,"257":0,"262":1,"263":0,"264":0,"275":1,"276":0,"278":0,"281":0,"285":0,"286":0,"289":0,"290":0,"291":0,"293":0,"296":0,"300":0,"301":0,"304":0,"307":0,"312":0}},"/home/travis/build/npmtest/node-npmtest-algoliasearch/node_modules/algoliasearch/src/places.js":{"path":"/home/travis/build/npmtest/node-npmtest-algoliasearch/node_modules/algoliasearch/src/places.js","s":{"1":1,"2":1,"3":1,"4":1,"5":0,"6":0,"7":0,"8":0,"9":0,"10":0,"11":0,"12":0,"13":0,"14":0,"15":0},"b":{"1":[0,0,0],"2":[0,0],"3":[0,0],"4":[0,0,0]},"f":{"1":1,"2":0},"fnMap":{"1":{"name":"createPlacesClient","line":5,"loc":{"start":{"line":5,"column":0},"end":{"line":5,"column":43}}},"2":{"name":"places","line":6,"loc":{"start":{"line":6,"column":9},"end":{"line":6,"column":46}}}},"statementMap":{"1":{"start":{"line":1,"column":0},"end":{"line":1,"column":36}},"2":{"start":{"line":3,"column":0},"end":{"line":3,"column":58}},"3":{"start":{"line":5,"column":0},"end":{"line":29,"column":1}},"4":{"start":{"line":6,"column":2},"end":{"line":28,"column":4}},"5":{"start":{"line":7,"column":4},"end":{"line":7,"column":42}},"6":{"start":{"line":9,"column":4},"end":{"line":9
[...]
line":79,"column":4},"end":{"line":79,"column":22}},"37":{"start":{"line":80,"column":4},"end":{"line":80,"column":24}},"38":{"start":{"line":82,"column":4},"end":{"line":90,"column":5}},"39":{"start":{"line":85,"column":6},"end":{"line":85,"column":43}},"40":{"start":{"line":87,"column":6},"end":{"line":87,"column":30}},"41":{"start":{"line":89,"column":6},"end":{"line":89,"column":62}},"42":{"start":{"line":92,"column":4},"end":{"line":92,"column":19}},"43":{"start":{"line":96,"column":4},"end":{"line":128,"column":5}},"44":{"start":{"line":99,"column":6},"end":{"line":101,"column":7}},"45":{"start":{"line":100,"column":8},"end":{"line":100,"column":15}},"46":{"start":{"line":103,"column":6},"end":{"line":105,"column":7}},"47":{"start":{"line":104,"column":8},"end":{"line":104,"column":32}},"48":{"start":{"line":107,"column":6},"end":{"line":107,"column":14}},"49":{"start":{"line":109,"column":6},"end":{"line":121,"column":7}},"50":{"start":{"line":110,"column":8},"end":{"line":116,"column":10}},"51":{"start":{"line":118,"column":8},"end":{"line":120,"column":11}},"52":{"start":{"line":123,"column":6},"end":{"line":127,"column":7}},"53":{"start":{"line":124,"column":8},"end":{"line":124,"column":20}},"54":{"start":{"line":126,"column":8},"end":{"line":126,"column":21}},"55":{"start":{"line":130,"column":4},"end":{"line":147,"column":5}},"56":{"start":{"line":131,"column":6},"end":{"line":133,"column":7}},"57":{"start":{"line":132,"column":8},"end":{"line":132,"column":15}},"58":{"start":{"line":135,"column":6},"end":{"line":137,"column":7}},"59":{"start":{"line":136,"column":8},"end":{"line":136,"column":32}},"60":{"start":{"line":142,"column":6},"end":{"line":146,"column":8}},"61":{"start":{"line":149,"column":4},"end":{"line":156,"column":5}},"62":{"start":{"line":150,"column":6},"end":{"line":153,"column":7}},"63":{"start":{"line":151,"column":8},"end":{"line":151,"column":24}},"64":{"start":{"line":152,"column":8},"end":{"line":152,"column":20}},"65":{"start":{"line":155,"column":6},"end":{"line":155,"column":42}},"66":{"start":{"line":160,"column":0},"end":{"line":172,"column":2}},"67":{"start":{"line":162,"column":4},"end":{"line":162,"column":31}},"68":{"start":{"line":165,"column":4},"end":{"line":165,"column":32}},"69":{"start":{"line":168,"column":4},"end":{"line":170,"column":7}},"70":{"start":{"line":169,"column":6},"end":{"line":169,"column":30}}},"branchMap":{"1":{"line":9,"type":"binary-expr","locations":[{"start":{"line":9,"column":14},"end":{"line":9,"column":28}},{"start":{"line":9,"column":32},"end":{"line":9,"column":62}}]},"2":{"line":19,"type":"binary-expr","locations":[{"start":{"line":19,"column":19},"end":{"line":19,"column":23}},{"start":{"line":19,"column":27},"end":{"line":19,"column":29}}]},"3":{"line":21,"type":"if","locations":[{"start":{"line":21,"column":2},"end":{"line":21,"column":2}},{"start":{"line":21,"column":2},"end":{"line":21,"column":2}}]},"4":{"line":25,"type":"binary-expr","locations":[{"start":{"line":25,"column":13},"end":{"line":25,"column":21}},{"start":{"line":25,"column":25},"end":{"line":25,"column":41}}]},"5":{"line":27,"type":"binary-expr","locations":[{"start":{"line":27,"column":18},"end":{"line":27,"column":31}},{"start":{"line":27,"column":35},"end":{"line":31,"column":3}}]},"6":{"line":69,"type":"if","locations":[{"start":{"line":69,"column":4},"end":{"line":69,"column":4}},{"start":{"line":69,"column":4},"end":{"line":69,"column":4}}]},"7":{"line":75,"type":"if","locations":[{"start":{"line":75,"column":4},"end":{"line":75,"column":4}},{"start":{"line":75,"column":4},"end":{"line":75,"column":4}}]},"8":{"line":82,"type":"if","locations":[{"start":{"line":82,"column":4},"end":{"line":82,"column":4}},{"start":{"line":82,"column":4},"end":{"line":82,"column":4}}]},"9":{"line":99,"type":"if","locations":[{"start":{"line":99,"column":6},"end":{"line":99,"column":6}},{"start":{"line":99,"column":6},"end":{"line":99,"column":6}}]},"10":{"line":103,"type":"if","locations":[{"start":{"line":103,"column":6},"end":{"line":103,"column":6}},{"start":{"line":103,"column":6},"end":{"line":103,"column":6}}]},"11":{"line":115,"type":"binary-expr","locations":[{"start":{"line":115,"column":19},"end":{"line":115,"column":44}},{"start":{"line":115,"column":48},"end":{"line":115,"column":75}},{"start":{"line":115,"column":79},"end":{"line":115,"column":81}}]},"12":{"line":123,"type":"if","locations":[{"start":{"line":123,"column":6},"end":{"line":123,"column":6}},{"start":{"line":123,"column":6},"end":{"line":123,"column":6}}]},"13":{"line":131,"type":"if","locations":[{"start":{"line":131,"column":6},"end":{"line":131,"column":6}},{"start":{"line":131,"column":6},"end":{"line":131,"column":6}}]},"14":{"line":135,"type":"if","locations":[{"start":{"line":135,"column":6},"end":{"line":135,"column":6}},{"start":{"line":135,"column":6},"end":{"line":135,"column":6}}]},"15":{"line":150,"type":"if","locations":[{"start":{"line":150,"column":6},"end":{"line":150,"column":6}},{"start":{"line":150,"column":6},"end":{"line":150,"column":6}}]}},"code":["'use strict';","","// This is the standalone browser build entry point","// Browser implementation of the Algolia Search JavaScript client,","// using XMLHttpRequest for React Native","module.exports = algoliasearch;","","var inherits = require('inherits');","var Promise = window.Promise || require('es6-promise').Promise;","","var AlgoliaSearch = require('../../AlgoliaSearch');","var errors = require('../../errors');","var inlineHeaders = require('../../browser/inline-headers');","var places = require('../../places.js');","","function algoliasearch(applicationID, apiKey, opts) {","  var cloneDeep = require('../../clone.js');","","  opts = cloneDeep(opts || {});","","  if (opts.protocol === undefined) {","    opts.protocol = 'https:';","  }","","  opts._ua = opts._ua || algoliasearch.ua;","","  opts.timeouts = opts.timeouts || {","    connect: 2 * 1000,","    read: 3 * 1000,","    write: 30 * 1000","  };","","  return new AlgoliaSearchReactNative(applicationID, apiKey, opts);","}","","algoliasearch.version = require('../../version.js');","algoliasearch.ua = 'Algolia for ReactNative ' + algoliasearch.version;","algoliasearch.initPlaces = places(algoliasearch);","","// we expose into window no matter how we are used, this will allow","// us to easily debug any website running algolia","window.__algolia = {","  debug: require('debug'),","  algoliasearch: algoliasearch","};","","var support = {","  timeout: 'timeout' in new XMLHttpRequest()","};","","function AlgoliaSearchReactNative() {","  // call AlgoliaSearch constructor","  AlgoliaSearch.apply(this, arguments);","}","","inherits(AlgoliaSearchReactNative, AlgoliaSearch);","","AlgoliaSearchReactNative.prototype._request = function request(url, opts) {","  return new Promise(function wrapRequest(resolve, reject) {","    url = inlineHeaders(url, opts.headers);","","    var body = opts.body;","    var req = new XMLHttpRequest();","    var ontimeout;","    var timedOut;","","    // do not rely on default XHR async flag, as some analytics code like hotjar","    // breaks it and set it to false by default","    if (req instanceof XMLHttpRequest) {","      req.open(opts.method, url, true);","    } else {","      req.open(opts.method, url);","    }","","    if (body) {","      req.setRequestHeader('content-type', 'application/json');","    }","","    req.onload = load;","    req.onerror = error;","","    if (support.timeout) {","      // .timeout not supported at the time of this implementation. Maybe in the","      // future...","      req.timeout = opts.timeouts.complete;","","      req.ontimeout = timeout;","    } else {","      ontimeout = setTimeout(timeout, opts.timeouts.complete);","    }","","    req.send(body);","","    // event object not received in IE8, at least","    // but we do not use it, still important to note","    function load(/* event */) {","      // When browser does not supports req.timeout, we can","      // have both a load and timeout event, since handled by a dumb setTimeout","      if (timedOut) {","        return;","      }","","      if (!support.timeout) {","        clearTimeout(ontimeout);","      }","","      var out;","","      try {","        out = {","          body: JSON.parse(req.responseText),","          responseText: req.responseText,","          statusCode: req.status,","          // XDomainRequest does not have any response headers","          headers: req.getAllResponseHeaders && req.getAllResponseHeaders() || {}","        };","      } catch (e) {","        out = new errors.UnparsableJSON({","          more: req.responseText","        });","      }","","      if (out instanceof errors.UnparsableJSON) {","        reject(out);","      } else {","        resolve(out);","      }","    }","","    function error(event) {","      if (timedOut) {","        return;","      }","","      if (!support.timeout) {","        clearTimeout(ontimeout);","      }","","      // error event is trigerred both with XDR/XHR on:","      //   - DNS error","      //   - unallowed cross domain request","      reject(","        new errors.Network({","          more: event","        })","      );","    }","","    function timeout() {","      if (!support.timeout) {","        timedOut = true;","        req.abort();","      }","","      reject(new errors.RequestTimeout());","    }","  });","};","","AlgoliaSearchReactNative.prototype._promise = {","  reject: function rejectPromise(val) {","    return Promise.reject(val);","  },","  resolve: function resolvePromise(val) {","    return Promise.resolve(val);","  },","  delay: function delayPromise(ms) {","    return new Promise(function resolveOnTimeout(resolve/* , reject*/) {","      setTimeout(resolve, ms);","    });","  }","};",""],"l":{"6":2,"8":2,"9":2,"11":0,"12":0,"13":0,"14":0,"16":1,"17":0,"19":0,"21":0,"22":0,"25":0,"27":0,"33":0,"36":0,"37":0,"38":0,"42":0,"47":0,"51":1,"53":0,"56":0,"58":0,"59":0,"60":0,"62":0,"63":0,"64":0,"65":0,"69":0,"70":0,"72":0,"75":0,"76":0,"79":0,"80":0,"82":0,"85":0,"87":0,"89":0,"92":0,"96":1,"99":0,"100":0,"103":0,"104":0,"107":0,"109":0,"110":0,"118":0,"123":0,"124":0,"126":0,"130":1,"131":0,"132":0,"135":0,"136":0,"142":0,"149":1,"150":0,"151":0,"152":0,"155":0,"160":0,"162":0,"165":0,"168":0,"169":0}},"/home/travis/build/npmtest/node-npmtest-algoliasearch/node_modules/algoliasearch/src/IndexBrowser.js":{"path":"/home/travis/build/npmtest/node-npmtest-algoliasearch/node_modules/algoliasearch/src/IndexBrowser.js","s":{"1":1,"2":1,"3":1,"4":1,"5":1,"6":1,"7":0,"8":0,"9":1,"10":0,"11":0,"12":1,"13":0,"14":0,"15":1,"16":0,"17":1,"18":0,"19":0,"20":0,"21":0},"b":{},"f":{"1":0,"2":0,"3":0,"4":0,"5":0,"6":0},"fnMap":{"1":{"name":"IndexBrowser","line":10,"loc":{"start":{"line":10,"column":0},"end":{"line":10,"column":24}}},"2":{"name":"(anonymous_2)","line":15,"loc":{"start":{"line":15,"column":30},"end":{"line":15,"column":41}}},"3":{"name":"(anonymous_3)","line":20,"loc":{"start":{"line":20,"column":30},"end":{"line":20,"column":41}}},"4":{"name":"(anonymous_4)","line":25,"loc":{"start":{"line":25,"column":32},"end":{"line":25,"column":46}}},"5":{"name":"(anonymous_5)","line":30,"loc":{"start":{"line":30,"column":33},"end":{"line":30,"column":51}}},"6":{"name":"(anonymous_6)","line":34,"loc":{"start":{"line":34,"column":32},"end":{"line":34,"column":43}}}},"statementMap":{"1":{"start":{"line":5,"column":0},"end":{"line":5,"column":30}},"2":{"start":{"line":7,"column":0},"end":{"line":7,"column":35}},"3":{"start":{"line":8,"column":0},"end":{"line":8,"column":50}},"4":{"start":{"line":10,"column":0},"end":{"line":11,"column":1}},"5":{"start":{"line":13,"column":0},"end":{"line":13,"column":37}},"6":{"start":{"line":15,"column":0},"end":{"line":18,"column":2}},"7":{"start":{"line":16,"column":2},"end":{"line":16,"column":23}},"8":{"start":{"line":17,"column":2},"end":{"line":17,"column":16}},"9":{"start":{"line":20,"column":0},"end":{"line":23,"column":2}},"10":{"start":{"line":21,"column":2},"end":{"line":21,"column":19}},"11":{"start":{"line":22,"column":2},"end":{"line":22,"column":16}},"12":{"start":{"line":25,"column":0},"end":{"line":28,"column":2}},"13":{"start":{"line":26,"column":2},"end":{"line":26,"column":26}},"14":{"start":{"line":27,"column":2},"end":{"line":27,"column":16}},"15":{"start":{"line":30,"column":0},"end":{"line":32,"column":2}},"16":{"start":{"line":31,"column":2},"end":{"line":31,"column":31}},"17":{"start":{"line":34,"column":0},"end":{"line":39,"column":2}},"18":{"start":{"line":35,"column":2},"end":{"line":35,"column":34}},"19":{"start":{"line":36,"column":2},"end":{"line":36,"column":33}},"20":{"start":{"line":37,"column":2},"end":{"line":37,"column":35}},"21":{"start":{"line":38,"column":2},"end":{"line":38,"column":36}}},"branchMap":{},"code":["'use strict';","","// This is the object returned by the `index.browseAll()` method","","module.exports = IndexBrowser;","","var inherits = require('inherits');","var EventEmitter = require('events').EventEmitter;","","function IndexBrowser() {","}","","inherits(IndexBrowser, EventEmitter);","","IndexBrowser.prototype.stop = function() {","  this._stopped = true;","  this._clean();","};","","IndexBrowser.prototype._end = function() {","  this.emit('end');","  this._clean();","};","","IndexBrowser.prototype._error = function(err) {","  this.emit('error', err);","  this._clean();","};","","IndexBrowser.prototype._result = function(content) {","  this.emit('result', content);","};","","IndexBrowser.prototype._clean = function() {","  this.removeAllListeners('stop');","  this.removeAllListeners('end');","  this.removeAllListeners('error');","  this.removeAllListeners('result');","};",""],"l":{"5":1,"7":1,"8":1,"10":1,"13":1,"15":1,"16":0,"17":0,"20":1,"21":0,"22":0,"25":1,"26":0,"27":0,"30":1,"31":0,"34":1,"35":0,"36":0,"37":0,"38":0}},"/home/travis/build/npmtest/node-npmtest-algoliasearch/node_modules/algoliasearch/src/clone.js":{"path":"/home/travis/build/npmtest/node-npmtest-algoliasearch/node_modules/algoliasearch/src/clone.js","s":{"1":1,"2":0},"b":{},"f":{"1":0},"fnMap":{"1":{"name":"clone","line":1,"loc":{"start":{"line":1,"column":17},"end":{"line":1,"column":37}}}},"statementMap":{"1":{"start":{"line":1,"column":0},"end":{"line":3,"column":2}},"2":{"start":{"line":2,"column":2},"end":{"line":2,"column":41}}},"branchMap":{},"code":["module.exports = function clone(obj) {","  return JSON.parse(JSON.stringify(obj));","};",""],"l":{"1":1,"2":0}},"/home/travis/build/npmtest/node-npmtest-algoliasearch/node_modules/algoliasearch/src/map.js":{"path":"/home/travis/build/npmtest/node-npmtest-algoliasearch/node_modules/algoliasearch/src/map.js","s":{"1":1,"2":1,"3":0,"4":0,"5":0,"6":0},"b":{},"f":{"1":0,"2":0},"fnMap":{"1":{"name":"map","line":3,"loc":{"start":{"line":3,"column":17},"end":{"line":3,"column":39}}},"2":{"name":"(anonymous_2)","line":5,"loc":{"start":{"line":5,"column":15},"end":{"line":5,"column":41}}}},"statementMap":{"1":{"start":{"line":1,"column":0},"end":{"line":1,"column":33}},"2":{"start":{"line":3,"column":0},"end":{"line":9,"column":2}},"3":{"start":{"line":4,"column":2},"end":{"line":4,"column":18}},"4":{"start":{"line":5,"column":2},"end":{"line":7,"column":5}},"5":{"start":{"line":6,"column":4},"end":{"line":6,"column":42}},"6":{"start":{"line":8,"column":2},"end":{"line":8,"column":16}}},"branchMap":{},"code":["var foreach = require('foreach');","","module.exports = function map(arr, fn) {","  var newArr = [];","  foreach(arr, function(item, itemIndex) {","    newArr.push(fn(item, itemIndex, arr));","  });","  return newArr;","};",""],"l":{"1":1,"3":1,"4":0,"5":0,"6":0,"8":0}},"/home/travis/build/npmtest/node-npmtest-algoliasearch/node_modules/algoliasearch/src/merge.js":{"path":"/home/travis/build/npmtest/node-npmtest-algoliasearch/node_modules/algoliasearch/src/merge.js","s":{"1":1,"2":1,"3":0,"4":0,"5":0,"6":0,"7":0,"8":0,"9":0,"10":0,"11":0},"b":{"1":[0,0],"2":[0,0],"3":[0,0],"4":[0,0]},"f":{"1":0,"2":0},"fnMap":{"1":{"name":"merge","line":3,"loc":{"start":{"line":3,"column":17},"end":{"line":3,"column":60}}},"2":{"name":"(anonymous_2)","line":6,"loc":{"start":{"line":6,"column":19},"end":{"line":6,"column":36}}}},"statementMap":{"1":{"start":{"line":1,"column":0},"end":{"line":1,"column":33}},"2":{"start":{"line":3,"column":0},"end":{"line":19,"column":2}},"3":{"start":{"line":4,"column":2},"end":{"line":4,"column":54}},"4":{"start":{"line":6,"column":2},"end":{"line":16,"column":5}},"5":{"start":{"line":7,"column":4},"end":{"line":15,"column":5}},"6":{"start":{"line":8,"column":6},"end":{"line":14,"column":7}},"7":{"start":{"line":9,"column":8},"end":{"line":13,"column":9}},"8":{"start":{"line":10,"column":10},"end":{"line":10,"column":82}},"9":{"start":{"line":11,"column":15},"end":{"line":13,"column":9}},"10":{"start":{"line":12,"column":10},"end":{"line":12,"column":49}},"11":{"start":{"line":18,"column":2},"end":{"line":18,"column":21}}},"branchMap":{"1":{"line":8,"type":"if","locations":[{"start":{"line":8,"column":6},"end":{"line":8,"column":6}},{"start":{"line":8,"column":6},"end":{"line":8,"column":6}}]},"2":{"line":9,"type":"if","locations":[{"start":{"line":9,"column":8},"end":{"line":9,"column":8}},{"start":{"line":9,"column":8},"end":{"line":9,"column":8}}]},"3":{"line":9,"type":"binary-expr","locations":[{"start":{"line":9,"column":12},"end":{"line":9,"column":52}},{"start":{"line":9,"column":56},"end":{"line":9,"column":91}}]},"4":{"line":11,"type":"if","locations":[{"start":{"line":11,"column":15},"end":{"line":11,"column":15}},{"start":{"line":11,"column":15},"end":{"line":11,"column":15}}]}},"code":["var foreach = require('foreach');","","module.exports = function merge(destination/* , sources */) {","  var sources = Array.prototype.slice.call(arguments);","","  foreach(sources, function(source) {","    for (var keyName in source) {","      if (source.hasOwnProperty(keyName)) {","        if (typeof destination[keyName] === 'object' && typeof source[keyName] === 'object') {","          destination[keyName] = merge({}, destination[keyName], source[keyName]);","        } else if (source[keyName] !== undefined) {","          destination[keyName] = source[keyName];","        }","      }","    }","  });","","  return destination;","};",""],"l":{"1":1,"3":1,"4":0,"6":0,"7":0,"8":0,"9":0,"10":0,"11":0,"12":0,"18":0}},"/home/travis/build/npmtest/node-npmtest-algoliasearch/node_modules/algoliasearch/src/omit.js":{"path":"/home/travis/build/npmtest/node-npmtest-algoliasearch/node_modules/algoliasearch/src/omit.js","s":{"1":1,"2":0,"3":0,"4":0,"5":0,"6":0,"7":0,"8":0},"b":{"1":[0,0]},"f":{"1":0,"2":0},"fnMap":{"1":{"name":"omit","line":1,"loc":{"start":{"line":1,"column":17},"end":{"line":1,"column":42}}},"2":{"name":"doFilter","line":7,"loc":{"start":{"line":7,"column":21},"end":{"line":7,"column":48}}}},"statementMap":{"1":{"start":{"line":1,"column":0},"end":{"line":14,"column":2}},"2":{"start":{"line":2,"column":2},"end":{"line":2,"column":36}},"3":{"start":{"line":3,"column":2},"end":{"line":3,"column":35}},"4":{"start":{"line":5,"column":2},"end":{"line":5,"column":20}},"5":{"start":{"line":7,"column":2},"end":{"line":11,"column":5}},"6":{"start":{"line":8,"column":4},"end":{"line":10,"column":5}},"7":{"start":{"line":9,"column":6},"end":{"line":9,"column":39}},"8":{"start":{"line":13,"column":2},"end":{"line":13,"column":18}}},"branchMap":{"1":{"line":8,"type":"if","locations":[{"start":{"line":8,"column":4},"end":{"line":8,"column":4}},{"start":{"line":8,"column":4},"end":{"line":8,"column":4}}]}},"code":["module.exports = function omit(obj, test) {","  var keys = require('object-keys');","  var foreach = require('foreach');","","  var filtered = {};","","  foreach(keys(obj), function doFilter(keyName) {","    if (test(keyName) !== true) {","      filtered[keyName] = obj[keyName];","    }","  });","","  return filtered;","};",""],"l":{"1":1,"2":0,"3":0,"5":0,"7":0,"8":0,"9":0,"13":0}}}